#
# A fatal error has been detected by the Java Runtime Environment:
#
#  EXCEPTION_ACCESS_VIOLATION (0xc0000005) at pc=0x00007ffd07f9e0a9, pid=12672, tid=14200
#
# JRE version: OpenJDK Runtime Environment (20.0.1+9) (build 20.0.1+9-29)
# Java VM: OpenJDK 64-Bit Server VM (20.0.1+9-29, mixed mode, emulated-client, sharing, tiered, compressed oops, compressed class ptrs, g1 gc, windows-amd64)
# Problematic frame:
# V  [jvm.dll+0x35e0a9]
#
# No core dump will be written. Minidumps are not enabled by default on client versions of Windows
#
# If you would like to submit a bug report, please visit:
#   https://bugreport.java.com/bugreport/crash.jsp
#

---------------  S U M M A R Y ------------

Command Line: -XX:TieredStopAtLevel=1 -Dspring.output.ansi.enabled=always -Dcom.sun.management.jmxremote -Dspring.jmx.enabled=true -Dspring.liveBeansView.mbeanDomain -Dspring.application.admin.enabled=true -Dmanagement.endpoints.jmx.exposure.include=* -javaagent:C:\Program Files\JetBrains\IntelliJ IDEA 2022.3.1\lib\idea_rt.jar=62429:C:\Program Files\JetBrains\IntelliJ IDEA 2022.3.1\bin -Dfile.encoding=UTF-8 -Dsun.stdout.encoding=UTF-8 -Dsun.stderr.encoding=UTF-8 com.pfe.myschool.StartApplication

Host: Intel(R) Core(TM) i5-2520M CPU @ 2.50GHz, 4 cores, 7G,  Windows 10 , 64 bit Build 19041 (10.0.19041.3155)
Time: Wed Sep 13 15:21:08 2023 Morocco Daylight Time elapsed time: 1076.953409 seconds (0d 0h 17m 56s)

---------------  T H R E A D  ---------------

Current thread (0x0000020d41f9c1c0):  WorkerThread "GC Thread#3" [stack: 0x000000ec2a800000,0x000000ec2a900000] [id=14200]

Stack: [0x000000ec2a800000,0x000000ec2a900000],  sp=0x000000ec2a8ff4b0,  free space=1021k
Native frames: (J=compiled Java code, j=interpreted, Vv=VM code, C=native code)
V  [jvm.dll+0x35e0a9]
V  [jvm.dll+0x35a75e]
V  [jvm.dll+0x36bd48]
V  [jvm.dll+0x226854]
V  [jvm.dll+0x35a6db]
V  [jvm.dll+0x228988]
V  [jvm.dll+0x36ca6e]
V  [jvm.dll+0x36c8b4]
V  [jvm.dll+0x373eb4]
V  [jvm.dll+0x37402b]
V  [jvm.dll+0x8759c7]
V  [jvm.dll+0x7f4b56]
V  [jvm.dll+0x6ba5cb]
C  [ucrtbase.dll+0x21bb2]
C  [KERNEL32.DLL+0x17614]
C  [ntdll.dll+0x526b1]


siginfo: EXCEPTION_ACCESS_VIOLATION (0xc0000005), reading address 0x0000000002000000


Registers:
RAX=0x0000000000000000, RBX=0x0000020d43cfb0e0, RCX=0x0000000000000014, RDX=0x0000000000000000
RSP=0x000000ec2a8ff4b0, RBP=0x0000000000000ad6, RSI=0x0000020d2d678e40, RDI=0x00000000837e948c
R8 =0x0000000083743c80, R9 =0x0000000000000060, R10=0x0000000002000000, R11=0x00007ffd44a015c3
R12=0x0000020d4185e298, R13=0x00000000000003d8, R14=0x0000000000000040, R15=0x0000000000000000
RIP=0x00007ffd07f9e0a9, EFLAGS=0x0000000000010246


Register to memory mapping:

RIP=0x00007ffd07f9e0a9 jvm.dll
RAX=0x0 is NULL
RBX=0x0000020d43cfb0e0 points into unknown readable memory: 0x00007ffd085c5aa0 | a0 5a 5c 08 fd 7f 00 00
RCX=0x0000000000000014 is an unknown value
RDX=0x0 is NULL
RSP=0x000000ec2a8ff4b0 points into unknown readable memory: 0x0000020d43cf0000 | 00 00 cf 43 0d 02 00 00
RBP=0x0000000000000ad6 is an unknown value
RSI=0x0000020d2d678e40 points into unknown readable memory: 0x0000000000000000 | 00 00 00 00 00 00 00 00
RDI=0x00000000837e948c is pointing into object: [Ljava.lang.Object; 
{0x00000000837e9478} - klass: 'java/lang/Object'[]
 - length: 4
R8 =0x0000000083743c80 is an oop: java.lang.String 
{0x0000000083743c80} - klass: 'java/lang/String'
 - string: "sub"
 - ---- fields (total size 3 words):
 - private 'hash' 'I' @12  114240 (0x0001be40)
 - private final 'coder' 'B' @16  0 (0x00)
 - private 'hashIsZero' 'Z' @17  false (0x00)
 - abstract internal 'flags' 'B' @18  0 (0x00)
 - private final synchronized 'value' '[B' @20  [B{0x0000000083743c98} (0x83743c98)
R9 =0x0000000000000060 is an unknown value
R10=0x0000000002000000 is an unknown value
R11=0x00007ffd44a015c3 VCRUNTIME140.dll
R12=0x0000020d4185e298 points into unknown readable memory: 0x88000400c050afc0 | c0 af 50 c0 00 04 00 88
R13=0x00000000000003d8 is an unknown value
R14=0x0000000000000040 is an unknown value
R15=0x0 is NULL


Top of Stack: (sp=0x000000ec2a8ff4b0)
0x000000ec2a8ff4b0:   0000020d43cf0000 0000020d2d670001
0x000000ec2a8ff4c0:   0000000000000000 0000000000000048
0x000000ec2a8ff4d0:   0000020d41f6b820 0000020d447daf98
0x000000ec2a8ff4e0:   0000020d4456ff60 0000020d4456fed0
0x000000ec2a8ff4f0:   0000000000000020 00007ffd07f9a75e
0x000000ec2a8ff500:   0000000000000011 0000020d43cfb0e0
0x000000ec2a8ff510:   0000020d447daf98 00000000000003d8
0x000000ec2a8ff520:   0000000281ddbfd6 000002715a8761f1
0x000000ec2a8ff530:   0000020d4456fed0 0000000000000020
0x000000ec2a8ff540:   0000020d447daf98 00007ffd07fabd48
0x000000ec2a8ff550:   0000000000000000 00007ffd08430100
0x000000ec2a8ff560:   000000ec00000000 0000000000000080
0x000000ec2a8ff570:   0000020d4456ff60 00007ffd07e66854
0x000000ec2a8ff580:   0000000000000012 0000020d447daff8
0x000000ec2a8ff590:   0000020d45057160 0000020d447daf98
0x000000ec2a8ff5a0:   0000020d447daf60 00007ffd07f9a6db
0x000000ec2a8ff5b0:   0000020d447daff8 0000000000000002
0x000000ec2a8ff5c0:   0000020d447daff8 0000020d447daff8
0x000000ec2a8ff5d0:   0000020d4182cfb0 00007ffd07e68988
0x000000ec2a8ff5e0:   0000000281d6256a 00000271531ee4cf
0x000000ec2a8ff5f0:   0000000281d625f5 00000271531f6b09
0x000000ec2a8ff600:   000000ec29afeb01 00007ffd07faca6e
0x000000ec2a8ff610:   0000020d447daff8 000000ec29afeb80
0x000000ec2a8ff620:   0000000000000002 0000000000000000
0x000000ec2a8ff630:   0000000200000000 0000000000000000
0x000000ec2a8ff640:   00007ffd085c2ac0 0000000281d625f5
0x000000ec2a8ff650:   00000271531f6b09 0000020d00000003
0x000000ec2a8ff660:   0000020d41f6b820 0000020d00000002
0x000000ec2a8ff670:   0000000000000000 0000000000000000
0x000000ec2a8ff680:   0000000000000000 000000ec2a8ff750
0x000000ec2a8ff690:   0000000000000000 0000020d43cfb000
0x000000ec2a8ff6a0:   0000020d4185deb0 0000020d4185dec0 

Instructions: (pc=0x00007ffd07f9e0a9)
0x00007ffd07f9dfa9:   fd ff ff 48 8d 57 fe 48 8b cb e8 88 f3 ff ff e9
0x00007ffd07f9dfb9:   d3 fd ff ff 0f 1f 00 48 8b 73 10 8b ae 80 00 00
0x00007ffd07f9dfc9:   00 8b cd 8b 86 00 01 00 00 2b c8 81 e1 ff ff 01
0x00007ffd07f9dfd9:   00 41 3b ce 0f 86 4b 02 00 00 ff cd 81 e5 ff ff
0x00007ffd07f9dfe9:   01 00 89 ae 80 00 00 00 e8 9a ee 34 00 90 8b d5
0x00007ffd07f9dff9:   48 8b 86 80 01 00 00 8b cd 48 8b 3c e8 8b 86 00
0x00007ffd07f9e009:   01 00 00 2b c8 81 e1 ff ff 01 00 81 f9 ff ff 01
0x00007ffd07f9e019:   00 41 0f 44 cf 85 c9 75 3d 90 89 6c 24 50 48 8b
0x00007ffd07f9e029:   86 00 01 00 00 48 8b c8 48 c1 e9 20 ff c1 89 4c
0x00007ffd07f9e039:   24 54 3b e8 0f 85 d9 01 00 00 48 c1 e1 20 48 0b
0x00007ffd07f9e049:   ca f0 48 0f b1 8e 00 01 00 00 0f 85 c3 01 00 00
0x00007ffd07f9e059:   8b 86 00 01 00 00 40 f6 c7 01 0f 84 a7 00 00 00
0x00007ffd07f9e069:   8b 0d 69 4f 7e 00 48 ff cf 48 8b 43 08 44 8b 17
0x00007ffd07f9e079:   49 d3 e2 8b 88 d0 05 00 00 48 8b 80 c0 05 00 00
0x00007ffd07f9e089:   4c 03 15 40 4f 7e 00 49 8b d2 48 d3 ea 0f b7 14
0x00007ffd07f9e099:   50 0f b7 c2 66 c1 e8 08 84 c0 0f 88 17 ff ff ff
0x00007ffd07f9e0a9:   4d 8b 02 41 0f b6 c0 24 03 3c 03 75 06 49 83 e0
0x00007ffd07f9e0b9:   fc eb 11 4d 8b c8 48 8b cb 4d 8b c2 e8 46 ed ff
0x00007ffd07f9e0c9:   ff 4c 8b c0 8b 0d 05 4f 7e 00 49 8b d0 48 2b 15
0x00007ffd07f9e0d9:   f3 4e 7e 00 48 d3 ea 89 17 49 8b d0 8b 0d 95 30
0x00007ffd07f9e0e9:   85 00 48 33 d7 48 d3 ea 48 85 d2 0f 84 c6 fe ff
0x00007ffd07f9e0f9:   ff 48 8b 43 08 8b 88 d0 05 00 00 4c 8b 88 c0 05
0x00007ffd07f9e109:   00 00 e9 87 00 00 00 40 f6 c7 03 0f 85 f1 00 00
0x00007ffd07f9e119:   00 48 8b 43 08 4c 8b 17 49 8b d2 8b 88 d0 05 00
0x00007ffd07f9e129:   00 48 8b 80 c0 05 00 00 48 d3 ea 0f b7 14 50 0f
0x00007ffd07f9e139:   b7 c2 66 c1 e8 08 84 c0 0f 88 79 fe ff ff 4d 8b
0x00007ffd07f9e149:   02 41 0f b6 c0 24 03 3c 03 75 06 49 83 e0 fc eb
0x00007ffd07f9e159:   11 4d 8b c8 48 8b cb 4d 8b c2 e8 a8 ec ff ff 4c
0x00007ffd07f9e169:   8b c0 49 8b d0 4c 89 07 8b 0d 09 30 85 00 48 33
0x00007ffd07f9e179:   d7 48 d3 ea 48 85 d2 0f 84 3a fe ff ff 48 8b 53
0x00007ffd07f9e189:   08 8b 8a d0 05 00 00 4c 8b 8a c0 05 00 00 48 8b
0x00007ffd07f9e199:   c7 48 d3 e8 41 0f b7 14 41 66 c1 ea 08 80 fa fe 


Stack slot to memory mapping:
stack at sp + 0 slots: 0x0000020d43cf0000 points into unknown readable memory: 0x0074006500670072 | 72 00 67 00 65 00 74 00
stack at sp + 1 slots: 0x0000020d2d670001 points into unknown readable memory: 00 06 00 a1 00 00 00
stack at sp + 2 slots: 0x0 is NULL
stack at sp + 3 slots: 0x0000000000000048 is an unknown value
stack at sp + 4 slots: 0x0000020d41f6b820 points into unknown readable memory: 0x0000020d00000004 | 04 00 00 00 0d 02 00 00
stack at sp + 5 slots: 0x0000020d447daf98 points into unknown readable memory: 0x00007ffd085c7960 | 60 79 5c 08 fd 7f 00 00
stack at sp + 6 slots: 0x0000020d4456ff60 points into unknown readable memory: 0x00000000837e9518 | 18 95 7e 83 00 00 00 00
stack at sp + 7 slots: 0x0000020d4456fed0 points into unknown readable memory: 0x00000000837e8ea8 | a8 8e 7e 83 00 00 00 00


---------------  P R O C E S S  ---------------

Threads class SMR info:
_java_thread_list=0x0000020d451ba760, length=31, elements={
0x0000020d3d554e90, 0x0000020d3d557450, 0x0000020d3d55ab70, 0x0000020d3d55d780,
0x0000020d3d55f0d0, 0x0000020d3d55fa10, 0x0000020d3d5604f0, 0x0000020d3d523410,
0x0000020d41e20200, 0x0000020d41e20750, 0x0000020d4203bf70, 0x0000020d427f16c0,
0x0000020d42fa2220, 0x0000020d42fa4200, 0x0000020d42fa3210, 0x0000020d42fa3760,
0x0000020d42fa2770, 0x0000020d42fa4ca0, 0x0000020d42fa3cb0, 0x0000020d42fa51f0,
0x0000020d44292420, 0x0000020d4428d9c0, 0x0000020d44290990, 0x0000020d4428cf20,
0x0000020d4428fef0, 0x0000020d4428df10, 0x0000020d4428f450, 0x0000020d4428e460,
0x0000020d44291430, 0x0000020d44292970, 0x0000020d44290ee0
}

Java Threads: ( => current thread )
  0x0000020d3d554e90 JavaThread "Reference Handler" daemon [_thread_blocked, id=14848, stack(0x000000ec29b00000,0x000000ec29c00000)]
  0x0000020d3d557450 JavaThread "Finalizer" daemon [_thread_blocked, id=2720, stack(0x000000ec29c00000,0x000000ec29d00000)]
  0x0000020d3d55ab70 JavaThread "Signal Dispatcher" daemon [_thread_blocked, id=15500, stack(0x000000ec29d00000,0x000000ec29e00000)]
  0x0000020d3d55d780 JavaThread "Attach Listener" daemon [_thread_blocked, id=15700, stack(0x000000ec29e00000,0x000000ec29f00000)]
  0x0000020d3d55f0d0 JavaThread "Service Thread" daemon [_thread_blocked, id=16208, stack(0x000000ec29f00000,0x000000ec2a000000)]
  0x0000020d3d55fa10 JavaThread "Monitor Deflation Thread" daemon [_thread_blocked, id=8052, stack(0x000000ec2a000000,0x000000ec2a100000)]
  0x0000020d3d5604f0 JavaThread "C1 CompilerThread0" daemon [_thread_blocked, id=16160, stack(0x000000ec2a100000,0x000000ec2a200000)]
  0x0000020d3d523410 JavaThread "Common-Cleaner" daemon [_thread_blocked, id=13276, stack(0x000000ec2a200000,0x000000ec2a300000)]
  0x0000020d41e20200 JavaThread "Monitor Ctrl-Break" daemon [_thread_in_native, id=15364, stack(0x000000ec2a400000,0x000000ec2a500000)]
  0x0000020d41e20750 JavaThread "Notification Thread" daemon [_thread_blocked, id=12148, stack(0x000000ec2a500000,0x000000ec2a600000)]
  0x0000020d4203bf70 JavaThread "RMI TCP Accept-0" daemon [_thread_in_native, id=13192, stack(0x000000ec2a900000,0x000000ec2aa00000)]
  0x0000020d427f16c0 JavaThread "RMI Scheduler(0)" daemon [_thread_blocked, id=8624, stack(0x000000ec2af00000,0x000000ec2b000000)]
  0x0000020d42fa2220 JavaThread "HikariPool-1 housekeeper" daemon [_thread_blocked, id=4552, stack(0x000000ec2b100000,0x000000ec2b200000)]
  0x0000020d42fa4200 JavaThread "Catalina-utility-1" [_thread_blocked, id=3148, stack(0x000000ec2b300000,0x000000ec2b400000)]
  0x0000020d42fa3210 JavaThread "Catalina-utility-2" [_thread_blocked, id=4792, stack(0x000000ec2b400000,0x000000ec2b500000)]
  0x0000020d42fa3760 JavaThread "container-0" [_thread_blocked, id=15976, stack(0x000000ec2b500000,0x000000ec2b600000)]
  0x0000020d42fa2770 JavaThread "File Watcher" daemon [_thread_blocked, id=12436, stack(0x000000ec2a300000,0x000000ec2a400000)]
  0x0000020d42fa4ca0 JavaThread "Live Reload Server" daemon [_thread_in_native, id=7636, stack(0x000000ec2b200000,0x000000ec2b300000)]
  0x0000020d42fa3cb0 JavaThread "http-nio-8081-exec-1" daemon [_thread_blocked, id=7524, stack(0x000000ec2ab00000,0x000000ec2ac00000)]
  0x0000020d42fa51f0 JavaThread "http-nio-8081-exec-2" daemon [_thread_blocked, id=10648, stack(0x000000ec2b700000,0x000000ec2b800000)]
  0x0000020d44292420 JavaThread "http-nio-8081-exec-3" daemon [_thread_blocked, id=15532, stack(0x000000ec2b800000,0x000000ec2b900000)]
  0x0000020d4428d9c0 JavaThread "http-nio-8081-exec-4" daemon [_thread_blocked, id=5776, stack(0x000000ec2ba00000,0x000000ec2bb00000)]
  0x0000020d44290990 JavaThread "http-nio-8081-exec-5" daemon [_thread_blocked, id=8908, stack(0x000000ec2bb00000,0x000000ec2bc00000)]
  0x0000020d4428cf20 JavaThread "http-nio-8081-exec-6" daemon [_thread_blocked, id=2356, stack(0x000000ec2bc00000,0x000000ec2bd00000)]
  0x0000020d4428fef0 JavaThread "http-nio-8081-exec-7" daemon [_thread_blocked, id=716, stack(0x000000ec2bd00000,0x000000ec2be00000)]
  0x0000020d4428df10 JavaThread "http-nio-8081-exec-8" daemon [_thread_blocked, id=3664, stack(0x000000ec2be00000,0x000000ec2bf00000)]
  0x0000020d4428f450 JavaThread "http-nio-8081-exec-9" daemon [_thread_blocked, id=12792, stack(0x000000ec2bf00000,0x000000ec2c000000)]
  0x0000020d4428e460 JavaThread "http-nio-8081-exec-10" daemon [_thread_blocked, id=7232, stack(0x000000ec2c000000,0x000000ec2c100000)]
  0x0000020d44291430 JavaThread "http-nio-8081-Poller" daemon [_thread_blocked, id=8476, stack(0x000000ec2c100000,0x000000ec2c200000)]
  0x0000020d44292970 JavaThread "http-nio-8081-Acceptor" daemon [_thread_in_native, id=16108, stack(0x000000ec2c200000,0x000000ec2c300000)]
  0x0000020d44290ee0 JavaThread "DestroyJavaVM" [_thread_blocked, id=15888, stack(0x000000ec29400000,0x000000ec29500000)]

Other Threads:
  0x0000020d3d53a230 VMThread "VM Thread" [stack: 0x000000ec29a00000,0x000000ec29b00000] [id=15964]
  0x0000020d2d65a550 WatcherThread "VM Periodic Task Thread" [stack: 0x000000ec2aa00000,0x000000ec2ab00000] [id=7160]
  0x0000020d2d6b25f0 WorkerThread "GC Thread#0" [stack: 0x000000ec29500000,0x000000ec29600000] [id=8676]
  0x0000020d41f829f0 WorkerThread "GC Thread#1" [stack: 0x000000ec2a600000,0x000000ec2a700000] [id=3532]
  0x0000020d41f82cc0 WorkerThread "GC Thread#2" [stack: 0x000000ec2a700000,0x000000ec2a800000] [id=1772]
=>0x0000020d41f9c1c0 WorkerThread "GC Thread#3" [stack: 0x000000ec2a800000,0x000000ec2a900000] [id=14200]
  0x0000020d2d6c32b0 ConcurrentGCThread "G1 Main Marker" [stack: 0x000000ec29600000,0x000000ec29700000] [id=10156]
  0x0000020d2d6c3bf0 WorkerThread "G1 Conc#0" [stack: 0x000000ec29700000,0x000000ec29800000] [id=14396]
  0x0000020d3d3e60e0 ConcurrentGCThread "G1 Refine#0" [stack: 0x000000ec29800000,0x000000ec29900000] [id=13152]
  0x0000020d3d3e6990 ConcurrentGCThread "G1 Service" [stack: 0x000000ec29900000,0x000000ec29a00000] [id=3504]

Threads with active compile tasks:

VM state: at safepoint (normal execution)

VM Mutex/Monitor currently owned by a thread:  ([mutex/lock_event])
[0x0000020d2d654110] Threads_lock - owner thread: 0x0000020d3d53a230
[0x0000020d2d6541a0] Heap_lock - owner thread: 0x0000020d42fa2770

Heap address: 0x0000000081800000, size: 2024 MB, Compressed Oops mode: 32-bit

CDS archive(s) mapped at: [0x0000000800000000-0x0000000800c60000-0x0000000800c60000), size 12976128, SharedBaseAddress: 0x0000000800000000, ArchiveRelocationMode: 0.
Compressed class space mapped at: 0x0000000801000000-0x0000000841000000, reserved size: 1073741824
Narrow klass base: 0x0000000800000000, Narrow klass shift: 0, Narrow klass range: 0x100000000

GC Precious Log:
 CardTable entry size: 512
 Card Set container configuration: InlinePtr #cards 5 size 8 Array Of Cards #cards 12 size 40 Howl #buckets 4 coarsen threshold 1843 Howl Bitmap #cards 512 size 80 coarsen threshold 460 Card regions per heap region 1 cards per card region 2048
 CPUs: 4 total, 4 available
 Memory: 8089M
 Large Page Support: Disabled
 NUMA Support: Disabled
 Compressed Oops: Enabled (32-bit)
 Heap Region Size: 1M
 Heap Min Capacity: 8M
 Heap Initial Capacity: 128M
 Heap Max Capacity: 2024M
 Pre-touch: Disabled
 Parallel Workers: 4
 Concurrent Workers: 1
 Concurrent Refinement Workers: 4
 Periodic GC: Disabled

Heap:
 garbage-first heap   total 225280K, used 196284K [0x0000000081800000, 0x0000000100000000)
  region size 1024K, 128 young (131072K), 6 survivors (6144K)
 Metaspace       used 71665K, committed 72576K, reserved 1114112K
  class space    used 9773K, committed 10176K, reserved 1048576K

Heap Regions: E=young(eden), S=young(survivor), O=old, HS=humongous(starts), HC=humongous(continues), CS=collection set, F=free, OA=open archive, CA=closed archive, TAMS=top-at-mark-start, PB=parsable bottom
|   0|0x0000000081800000, 0x0000000081900000, 0x0000000081900000|100%|HS|  |TAMS 0x0000000081800000| PB 0x0000000081800000| Complete 
|   1|0x0000000081900000, 0x0000000081a00000, 0x0000000081a00000|100%|HS|  |TAMS 0x0000000081900000| PB 0x0000000081900000| Complete 
|   2|0x0000000081a00000, 0x0000000081b00000, 0x0000000081b00000|100%| O|  |TAMS 0x0000000081a00000| PB 0x0000000081a00000| Untracked 
|   3|0x0000000081b00000, 0x0000000081c00000, 0x0000000081c00000|100%| O|  |TAMS 0x0000000081b00000| PB 0x0000000081b00000| Untracked 
|   4|0x0000000081c00000, 0x0000000081d00000, 0x0000000081d00000|100%| O|  |TAMS 0x0000000081c00000| PB 0x0000000081c00000| Untracked 
|   5|0x0000000081d00000, 0x0000000081e00000, 0x0000000081e00000|100%| O|  |TAMS 0x0000000081d00000| PB 0x0000000081d00000| Untracked 
|   6|0x0000000081e00000, 0x0000000081f00000, 0x0000000081f00000|100%| O|  |TAMS 0x0000000081e00000| PB 0x0000000081e00000| Untracked 
|   7|0x0000000081f00000, 0x0000000082000000, 0x0000000082000000|100%| O|  |TAMS 0x0000000081f00000| PB 0x0000000081f00000| Untracked 
|   8|0x0000000082000000, 0x0000000082100000, 0x0000000082100000|100%| O|  |TAMS 0x0000000082000000| PB 0x0000000082000000| Untracked 
|   9|0x0000000082100000, 0x00000000821e7e00, 0x0000000082200000| 90%| O|  |TAMS 0x0000000082100000| PB 0x0000000082100000| Untracked 
|  10|0x0000000082200000, 0x0000000082300000, 0x0000000082300000|100%| O|  |TAMS 0x0000000082200000| PB 0x0000000082200000| Untracked 
|  11|0x0000000082300000, 0x0000000082400000, 0x0000000082400000|100%| O|  |TAMS 0x0000000082300000| PB 0x0000000082300000| Untracked 
|  12|0x0000000082400000, 0x0000000082500000, 0x0000000082500000|100%| O|  |TAMS 0x0000000082400000| PB 0x0000000082400000| Untracked 
|  13|0x0000000082500000, 0x0000000082600000, 0x0000000082600000|100%| O|  |TAMS 0x0000000082500000| PB 0x0000000082500000| Untracked 
|  14|0x0000000082600000, 0x0000000082700000, 0x0000000082700000|100%| O|  |TAMS 0x0000000082600000| PB 0x0000000082600000| Untracked 
|  15|0x0000000082700000, 0x0000000082800000, 0x0000000082800000|100%| O|  |TAMS 0x0000000082700000| PB 0x0000000082700000| Untracked 
|  16|0x0000000082800000, 0x0000000082900000, 0x0000000082900000|100%| O|  |TAMS 0x0000000082800000| PB 0x0000000082800000| Untracked 
|  17|0x0000000082900000, 0x0000000082a00000, 0x0000000082a00000|100%| O|  |TAMS 0x0000000082900000| PB 0x0000000082900000| Untracked 
|  18|0x0000000082a00000, 0x0000000082b00000, 0x0000000082b00000|100%| O|  |TAMS 0x0000000082a00000| PB 0x0000000082a00000| Untracked 
|  19|0x0000000082b00000, 0x0000000082c00000, 0x0000000082c00000|100%| O|  |TAMS 0x0000000082b00000| PB 0x0000000082b00000| Untracked 
|  20|0x0000000082c00000, 0x0000000082d00000, 0x0000000082d00000|100%| O|  |TAMS 0x0000000082c00000| PB 0x0000000082c00000| Untracked 
|  21|0x0000000082d00000, 0x0000000082e00000, 0x0000000082e00000|100%| O|  |TAMS 0x0000000082d00000| PB 0x0000000082d00000| Untracked 
|  22|0x0000000082e00000, 0x0000000082f00000, 0x0000000082f00000|100%| O|  |TAMS 0x0000000082e00000| PB 0x0000000082e00000| Untracked 
|  23|0x0000000082f00000, 0x0000000083000000, 0x0000000083000000|100%| O|  |TAMS 0x0000000082f00000| PB 0x0000000082f00000| Untracked 
|  24|0x0000000083000000, 0x0000000083100000, 0x0000000083100000|100%| O|  |TAMS 0x0000000083000000| PB 0x0000000083000000| Untracked 
|  25|0x0000000083100000, 0x0000000083200000, 0x0000000083200000|100%| O|  |TAMS 0x0000000083100000| PB 0x0000000083100000| Untracked 
|  26|0x0000000083200000, 0x0000000083300000, 0x0000000083300000|100%| O|  |TAMS 0x0000000083200000| PB 0x0000000083200000| Untracked 
|  27|0x0000000083300000, 0x0000000083400000, 0x0000000083400000|100%| O|  |TAMS 0x0000000083300000| PB 0x0000000083300000| Untracked 
|  28|0x0000000083400000, 0x0000000083500000, 0x0000000083500000|100%| O|  |TAMS 0x0000000083400000| PB 0x0000000083400000| Untracked 
|  29|0x0000000083500000, 0x0000000083600000, 0x0000000083600000|100%| O|  |TAMS 0x0000000083500000| PB 0x0000000083500000| Untracked 
|  30|0x0000000083600000, 0x0000000083700000, 0x0000000083700000|100%| O|  |TAMS 0x0000000083600000| PB 0x0000000083600000| Untracked 
|  31|0x0000000083700000, 0x0000000083800000, 0x0000000083800000|100%| O|  |TAMS 0x0000000083700000| PB 0x0000000083700000| Untracked 
|  32|0x0000000083800000, 0x0000000083900000, 0x0000000083900000|100%| O|  |TAMS 0x0000000083800000| PB 0x0000000083800000| Untracked 
|  33|0x0000000083900000, 0x0000000083a00000, 0x0000000083a00000|100%| O|  |TAMS 0x0000000083900000| PB 0x0000000083900000| Untracked 
|  34|0x0000000083a00000, 0x0000000083b00000, 0x0000000083b00000|100%| O|  |TAMS 0x0000000083a00000| PB 0x0000000083a00000| Untracked 
|  35|0x0000000083b00000, 0x0000000083c00000, 0x0000000083c00000|100%| O|  |TAMS 0x0000000083b00000| PB 0x0000000083b00000| Untracked 
|  36|0x0000000083c00000, 0x0000000083d00000, 0x0000000083d00000|100%| O|  |TAMS 0x0000000083c00000| PB 0x0000000083c00000| Untracked 
|  37|0x0000000083d00000, 0x0000000083e00000, 0x0000000083e00000|100%| O|  |TAMS 0x0000000083d00000| PB 0x0000000083d00000| Untracked 
|  38|0x0000000083e00000, 0x0000000083f00000, 0x0000000083f00000|100%| O|  |TAMS 0x0000000083e00000| PB 0x0000000083e00000| Untracked 
|  39|0x0000000083f00000, 0x0000000084000000, 0x0000000084000000|100%| O|  |TAMS 0x0000000083f00000| PB 0x0000000083f00000| Untracked 
|  40|0x0000000084000000, 0x0000000084100000, 0x0000000084100000|100%| O|  |TAMS 0x0000000084000000| PB 0x0000000084000000| Untracked 
|  41|0x0000000084100000, 0x0000000084200000, 0x0000000084200000|100%| O|  |TAMS 0x0000000084100000| PB 0x0000000084100000| Untracked 
|  42|0x0000000084200000, 0x0000000084300000, 0x0000000084300000|100%| O|  |TAMS 0x0000000084200000| PB 0x0000000084200000| Untracked 
|  43|0x0000000084300000, 0x0000000084400000, 0x0000000084400000|100%| O|  |TAMS 0x0000000084300000| PB 0x0000000084300000| Untracked 
|  44|0x0000000084400000, 0x0000000084500000, 0x0000000084500000|100%| O|  |TAMS 0x0000000084400000| PB 0x0000000084400000| Untracked 
|  45|0x0000000084500000, 0x0000000084600000, 0x0000000084600000|100%| O|  |TAMS 0x0000000084500000| PB 0x0000000084500000| Untracked 
|  46|0x0000000084600000, 0x0000000084700000, 0x0000000084700000|100%| O|  |TAMS 0x0000000084600000| PB 0x0000000084600000| Untracked 
|  47|0x0000000084700000, 0x0000000084800000, 0x0000000084800000|100%| O|  |TAMS 0x0000000084700000| PB 0x0000000084700000| Untracked 
|  48|0x0000000084800000, 0x0000000084900000, 0x0000000084900000|100%| O|  |TAMS 0x0000000084800000| PB 0x0000000084800000| Untracked 
|  49|0x0000000084900000, 0x0000000084a00000, 0x0000000084a00000|100%| O|  |TAMS 0x0000000084900000| PB 0x0000000084900000| Untracked 
|  50|0x0000000084a00000, 0x0000000084b00000, 0x0000000084b00000|100%| O|  |TAMS 0x0000000084a00000| PB 0x0000000084a00000| Untracked 
|  51|0x0000000084b00000, 0x0000000084c00000, 0x0000000084c00000|100%| O|  |TAMS 0x0000000084b00000| PB 0x0000000084b00000| Untracked 
|  52|0x0000000084c00000, 0x0000000084d00000, 0x0000000084d00000|100%| O|  |TAMS 0x0000000084c00000| PB 0x0000000084c00000| Untracked 
|  53|0x0000000084d00000, 0x0000000084e00000, 0x0000000084e00000|100%| O|  |TAMS 0x0000000084d00000| PB 0x0000000084d00000| Untracked 
|  54|0x0000000084e00000, 0x0000000084f00000, 0x0000000084f00000|100%| O|  |TAMS 0x0000000084e00000| PB 0x0000000084e00000| Untracked 
|  55|0x0000000084f00000, 0x0000000084f6a620, 0x0000000085000000| 41%| O|  |TAMS 0x0000000084f00000| PB 0x0000000084f00000| Untracked 
|  56|0x0000000085000000, 0x0000000085100000, 0x0000000085100000|100%| O|  |TAMS 0x0000000085000000| PB 0x0000000085000000| Untracked 
|  57|0x0000000085100000, 0x0000000085100000, 0x0000000085200000|  0%| F|  |TAMS 0x0000000085100000| PB 0x0000000085100000| Untracked 
|  58|0x0000000085200000, 0x0000000085200000, 0x0000000085300000|  0%| F|  |TAMS 0x0000000085200000| PB 0x0000000085200000| Untracked 
|  59|0x0000000085300000, 0x0000000085300000, 0x0000000085400000|  0%| F|  |TAMS 0x0000000085300000| PB 0x0000000085300000| Untracked 
|  60|0x0000000085400000, 0x0000000085400000, 0x0000000085500000|  0%| F|  |TAMS 0x0000000085400000| PB 0x0000000085400000| Untracked 
|  61|0x0000000085500000, 0x0000000085500000, 0x0000000085600000|  0%| F|  |TAMS 0x0000000085500000| PB 0x0000000085500000| Untracked 
|  62|0x0000000085600000, 0x0000000085600000, 0x0000000085700000|  0%| F|  |TAMS 0x0000000085600000| PB 0x0000000085600000| Untracked 
|  63|0x0000000085700000, 0x0000000085700000, 0x0000000085800000|  0%| F|  |TAMS 0x0000000085700000| PB 0x0000000085700000| Untracked 
|  64|0x0000000085800000, 0x0000000085800000, 0x0000000085900000|  0%| F|  |TAMS 0x0000000085800000| PB 0x0000000085800000| Untracked 
|  65|0x0000000085900000, 0x0000000085900000, 0x0000000085a00000|  0%| F|  |TAMS 0x0000000085900000| PB 0x0000000085900000| Untracked 
|  66|0x0000000085a00000, 0x0000000085b00000, 0x0000000085b00000|100%| O|CS|TAMS 0x0000000085a00000| PB 0x0000000085a00000| Complete 
|  67|0x0000000085b00000, 0x0000000085b00000, 0x0000000085c00000|  0%| F|  |TAMS 0x0000000085b00000| PB 0x0000000085b00000| Untracked 
|  68|0x0000000085c00000, 0x0000000085c00000, 0x0000000085d00000|  0%| F|  |TAMS 0x0000000085c00000| PB 0x0000000085c00000| Untracked 
|  69|0x0000000085d00000, 0x0000000085e00000, 0x0000000085e00000|100%| O|CS|TAMS 0x0000000085d00000| PB 0x0000000085d00000| Complete 
|  70|0x0000000085e00000, 0x0000000085f00000, 0x0000000085f00000|100%| O|CS|TAMS 0x0000000085e00000| PB 0x0000000085e00000| Complete 
|  71|0x0000000085f00000, 0x0000000085f00000, 0x0000000086000000|  0%| F|  |TAMS 0x0000000085f00000| PB 0x0000000085f00000| Untracked 
|  72|0x0000000086000000, 0x0000000086100000, 0x0000000086100000|100%| O|CS|TAMS 0x0000000086000000| PB 0x0000000086000000| Complete 
|  73|0x0000000086100000, 0x0000000086100000, 0x0000000086200000|  0%| F|  |TAMS 0x0000000086100000| PB 0x0000000086100000| Untracked 
|  74|0x0000000086200000, 0x0000000086200000, 0x0000000086300000|  0%| F|  |TAMS 0x0000000086200000| PB 0x0000000086200000| Untracked 
|  75|0x0000000086300000, 0x0000000086300000, 0x0000000086400000|  0%| F|  |TAMS 0x0000000086300000| PB 0x0000000086300000| Untracked 
|  76|0x0000000086400000, 0x0000000086400000, 0x0000000086500000|  0%| F|  |TAMS 0x0000000086400000| PB 0x0000000086400000| Untracked 
|  77|0x0000000086500000, 0x0000000086500000, 0x0000000086600000|  0%| F|  |TAMS 0x0000000086500000| PB 0x0000000086500000| Untracked 
|  78|0x0000000086600000, 0x0000000086600000, 0x0000000086700000|  0%| F|  |TAMS 0x0000000086600000| PB 0x0000000086600000| Untracked 
|  79|0x0000000086700000, 0x0000000086800000, 0x0000000086800000|100%| S|  |TAMS 0x0000000086700000| PB 0x0000000086700000| Complete 
|  80|0x0000000086800000, 0x0000000086900000, 0x0000000086900000|100%| S|  |TAMS 0x0000000086800000| PB 0x0000000086800000| Complete 
|  81|0x0000000086900000, 0x0000000086a00000, 0x0000000086a00000|100%| S|  |TAMS 0x0000000086900000| PB 0x0000000086900000| Complete 
|  82|0x0000000086a00000, 0x0000000086b00000, 0x0000000086b00000|100%| S|  |TAMS 0x0000000086a00000| PB 0x0000000086a00000| Complete 
|  83|0x0000000086b00000, 0x0000000086c00000, 0x0000000086c00000|100%| S|  |TAMS 0x0000000086b00000| PB 0x0000000086b00000| Complete 
|  84|0x0000000086c00000, 0x0000000086d00000, 0x0000000086d00000|100%| S|  |TAMS 0x0000000086c00000| PB 0x0000000086c00000| Complete 
|  85|0x0000000086d00000, 0x0000000086e00000, 0x0000000086e00000|100%| E|CS|TAMS 0x0000000086d00000| PB 0x0000000086d00000| Complete 
|  86|0x0000000086e00000, 0x0000000086f00000, 0x0000000086f00000|100%| E|CS|TAMS 0x0000000086e00000| PB 0x0000000086e00000| Complete 
|  87|0x0000000086f00000, 0x0000000086fc7518, 0x0000000087000000| 77%| E|CS|TAMS 0x0000000086f00000| PB 0x0000000086f00000| Complete 
|  88|0x0000000087000000, 0x0000000087100000, 0x0000000087100000|100%| E|CS|TAMS 0x0000000087000000| PB 0x0000000087000000| Complete 
|  89|0x0000000087100000, 0x0000000087200000, 0x0000000087200000|100%| E|CS|TAMS 0x0000000087100000| PB 0x0000000087100000| Complete 
|  90|0x0000000087200000, 0x0000000087300000, 0x0000000087300000|100%| E|CS|TAMS 0x0000000087200000| PB 0x0000000087200000| Complete 
|  91|0x0000000087300000, 0x0000000087400000, 0x0000000087400000|100%| E|CS|TAMS 0x0000000087300000| PB 0x0000000087300000| Complete 
|  92|0x0000000087400000, 0x0000000087500000, 0x0000000087500000|100%| E|CS|TAMS 0x0000000087400000| PB 0x0000000087400000| Complete 
|  93|0x0000000087500000, 0x0000000087600000, 0x0000000087600000|100%| E|CS|TAMS 0x0000000087500000| PB 0x0000000087500000| Complete 
|  94|0x0000000087600000, 0x0000000087700000, 0x0000000087700000|100%| E|CS|TAMS 0x0000000087600000| PB 0x0000000087600000| Complete 
|  95|0x0000000087700000, 0x0000000087800000, 0x0000000087800000|100%| E|CS|TAMS 0x0000000087700000| PB 0x0000000087700000| Complete 
|  96|0x0000000087800000, 0x0000000087900000, 0x0000000087900000|100%| E|CS|TAMS 0x0000000087800000| PB 0x0000000087800000| Complete 
|  97|0x0000000087900000, 0x0000000087a00000, 0x0000000087a00000|100%| E|CS|TAMS 0x0000000087900000| PB 0x0000000087900000| Complete 
|  98|0x0000000087a00000, 0x0000000087b00000, 0x0000000087b00000|100%| E|CS|TAMS 0x0000000087a00000| PB 0x0000000087a00000| Complete 
|  99|0x0000000087b00000, 0x0000000087c00000, 0x0000000087c00000|100%| E|CS|TAMS 0x0000000087b00000| PB 0x0000000087b00000| Complete 
| 100|0x0000000087c00000, 0x0000000087d00000, 0x0000000087d00000|100%| E|CS|TAMS 0x0000000087c00000| PB 0x0000000087c00000| Complete 
| 101|0x0000000087d00000, 0x0000000087e00000, 0x0000000087e00000|100%| E|CS|TAMS 0x0000000087d00000| PB 0x0000000087d00000| Complete 
| 102|0x0000000087e00000, 0x0000000087f00000, 0x0000000087f00000|100%| E|CS|TAMS 0x0000000087e00000| PB 0x0000000087e00000| Complete 
| 103|0x0000000087f00000, 0x0000000088000000, 0x0000000088000000|100%| E|CS|TAMS 0x0000000087f00000| PB 0x0000000087f00000| Complete 
| 104|0x0000000088000000, 0x0000000088100000, 0x0000000088100000|100%| E|CS|TAMS 0x0000000088000000| PB 0x0000000088000000| Complete 
| 105|0x0000000088100000, 0x0000000088200000, 0x0000000088200000|100%| E|CS|TAMS 0x0000000088100000| PB 0x0000000088100000| Complete 
| 106|0x0000000088200000, 0x0000000088300000, 0x0000000088300000|100%| E|CS|TAMS 0x0000000088200000| PB 0x0000000088200000| Complete 
| 107|0x0000000088300000, 0x0000000088400000, 0x0000000088400000|100%| E|CS|TAMS 0x0000000088300000| PB 0x0000000088300000| Complete 
| 108|0x0000000088400000, 0x0000000088500000, 0x0000000088500000|100%| E|CS|TAMS 0x0000000088400000| PB 0x0000000088400000| Complete 
| 109|0x0000000088500000, 0x0000000088600000, 0x0000000088600000|100%| E|CS|TAMS 0x0000000088500000| PB 0x0000000088500000| Complete 
| 110|0x0000000088600000, 0x0000000088700000, 0x0000000088700000|100%| E|CS|TAMS 0x0000000088600000| PB 0x0000000088600000| Complete 
| 111|0x0000000088700000, 0x0000000088800000, 0x0000000088800000|100%| E|CS|TAMS 0x0000000088700000| PB 0x0000000088700000| Complete 
| 112|0x0000000088800000, 0x0000000088900000, 0x0000000088900000|100%| E|CS|TAMS 0x0000000088800000| PB 0x0000000088800000| Complete 
| 113|0x0000000088900000, 0x0000000088a00000, 0x0000000088a00000|100%| E|CS|TAMS 0x0000000088900000| PB 0x0000000088900000| Complete 
| 114|0x0000000088a00000, 0x0000000088b00000, 0x0000000088b00000|100%| E|CS|TAMS 0x0000000088a00000| PB 0x0000000088a00000| Complete 
| 115|0x0000000088b00000, 0x0000000088c00000, 0x0000000088c00000|100%| E|CS|TAMS 0x0000000088b00000| PB 0x0000000088b00000| Complete 
| 116|0x0000000088c00000, 0x0000000088d00000, 0x0000000088d00000|100%| E|CS|TAMS 0x0000000088c00000| PB 0x0000000088c00000| Complete 
| 117|0x0000000088d00000, 0x0000000088e00000, 0x0000000088e00000|100%| E|CS|TAMS 0x0000000088d00000| PB 0x0000000088d00000| Complete 
| 118|0x0000000088e00000, 0x0000000088f00000, 0x0000000088f00000|100%| E|CS|TAMS 0x0000000088e00000| PB 0x0000000088e00000| Complete 
| 119|0x0000000088f00000, 0x0000000089000000, 0x0000000089000000|100%| E|CS|TAMS 0x0000000088f00000| PB 0x0000000088f00000| Complete 
| 120|0x0000000089000000, 0x0000000089100000, 0x0000000089100000|100%| E|CS|TAMS 0x0000000089000000| PB 0x0000000089000000| Complete 
| 121|0x0000000089100000, 0x0000000089200000, 0x0000000089200000|100%| E|CS|TAMS 0x0000000089100000| PB 0x0000000089100000| Complete 
| 122|0x0000000089200000, 0x0000000089300000, 0x0000000089300000|100%| E|CS|TAMS 0x0000000089200000| PB 0x0000000089200000| Complete 
| 123|0x0000000089300000, 0x0000000089400000, 0x0000000089400000|100%| E|CS|TAMS 0x0000000089300000| PB 0x0000000089300000| Complete 
| 124|0x0000000089400000, 0x0000000089500000, 0x0000000089500000|100%| E|CS|TAMS 0x0000000089400000| PB 0x0000000089400000| Complete 
| 125|0x0000000089500000, 0x0000000089600000, 0x0000000089600000|100%| E|CS|TAMS 0x0000000089500000| PB 0x0000000089500000| Complete 
| 126|0x0000000089600000, 0x0000000089700000, 0x0000000089700000|100%| E|CS|TAMS 0x0000000089600000| PB 0x0000000089600000| Complete 
| 127|0x0000000089700000, 0x0000000089800000, 0x0000000089800000|100%| E|CS|TAMS 0x0000000089700000| PB 0x0000000089700000| Complete 
| 128|0x0000000089800000, 0x0000000089900000, 0x0000000089900000|100%| E|CS|TAMS 0x0000000089800000| PB 0x0000000089800000| Complete 
| 129|0x0000000089900000, 0x0000000089a00000, 0x0000000089a00000|100%| E|CS|TAMS 0x0000000089900000| PB 0x0000000089900000| Complete 
| 130|0x0000000089a00000, 0x0000000089b00000, 0x0000000089b00000|100%| E|CS|TAMS 0x0000000089a00000| PB 0x0000000089a00000| Complete 
| 131|0x0000000089b00000, 0x0000000089c00000, 0x0000000089c00000|100%| E|CS|TAMS 0x0000000089b00000| PB 0x0000000089b00000| Complete 
| 132|0x0000000089c00000, 0x0000000089d00000, 0x0000000089d00000|100%| E|CS|TAMS 0x0000000089c00000| PB 0x0000000089c00000| Complete 
| 133|0x0000000089d00000, 0x0000000089e00000, 0x0000000089e00000|100%| E|CS|TAMS 0x0000000089d00000| PB 0x0000000089d00000| Complete 
| 134|0x0000000089e00000, 0x0000000089f00000, 0x0000000089f00000|100%| E|CS|TAMS 0x0000000089e00000| PB 0x0000000089e00000| Complete 
| 135|0x0000000089f00000, 0x000000008a000000, 0x000000008a000000|100%| E|CS|TAMS 0x0000000089f00000| PB 0x0000000089f00000| Complete 
| 136|0x000000008a000000, 0x000000008a100000, 0x000000008a100000|100%| E|CS|TAMS 0x000000008a000000| PB 0x000000008a000000| Complete 
| 137|0x000000008a100000, 0x000000008a200000, 0x000000008a200000|100%| E|CS|TAMS 0x000000008a100000| PB 0x000000008a100000| Complete 
| 138|0x000000008a200000, 0x000000008a300000, 0x000000008a300000|100%| E|CS|TAMS 0x000000008a200000| PB 0x000000008a200000| Complete 
| 139|0x000000008a300000, 0x000000008a400000, 0x000000008a400000|100%| E|CS|TAMS 0x000000008a300000| PB 0x000000008a300000| Complete 
| 140|0x000000008a400000, 0x000000008a500000, 0x000000008a500000|100%| E|CS|TAMS 0x000000008a400000| PB 0x000000008a400000| Complete 
| 141|0x000000008a500000, 0x000000008a600000, 0x000000008a600000|100%| E|CS|TAMS 0x000000008a500000| PB 0x000000008a500000| Complete 
| 142|0x000000008a600000, 0x000000008a700000, 0x000000008a700000|100%| E|CS|TAMS 0x000000008a600000| PB 0x000000008a600000| Complete 
| 143|0x000000008a700000, 0x000000008a800000, 0x000000008a800000|100%| E|CS|TAMS 0x000000008a700000| PB 0x000000008a700000| Complete 
| 144|0x000000008a800000, 0x000000008a900000, 0x000000008a900000|100%| E|CS|TAMS 0x000000008a800000| PB 0x000000008a800000| Complete 
| 145|0x000000008a900000, 0x000000008aa00000, 0x000000008aa00000|100%| E|CS|TAMS 0x000000008a900000| PB 0x000000008a900000| Complete 
| 146|0x000000008aa00000, 0x000000008ab00000, 0x000000008ab00000|100%| E|CS|TAMS 0x000000008aa00000| PB 0x000000008aa00000| Complete 
| 147|0x000000008ab00000, 0x000000008ac00000, 0x000000008ac00000|100%| E|CS|TAMS 0x000000008ab00000| PB 0x000000008ab00000| Complete 
| 148|0x000000008ac00000, 0x000000008ad00000, 0x000000008ad00000|100%| E|CS|TAMS 0x000000008ac00000| PB 0x000000008ac00000| Complete 
| 149|0x000000008ad00000, 0x000000008ae00000, 0x000000008ae00000|100%| E|CS|TAMS 0x000000008ad00000| PB 0x000000008ad00000| Complete 
| 150|0x000000008ae00000, 0x000000008af00000, 0x000000008af00000|100%| E|CS|TAMS 0x000000008ae00000| PB 0x000000008ae00000| Complete 
| 151|0x000000008af00000, 0x000000008b000000, 0x000000008b000000|100%| E|CS|TAMS 0x000000008af00000| PB 0x000000008af00000| Complete 
| 152|0x000000008b000000, 0x000000008b100000, 0x000000008b100000|100%| E|CS|TAMS 0x000000008b000000| PB 0x000000008b000000| Complete 
| 153|0x000000008b100000, 0x000000008b200000, 0x000000008b200000|100%| E|CS|TAMS 0x000000008b100000| PB 0x000000008b100000| Complete 
| 154|0x000000008b200000, 0x000000008b300000, 0x000000008b300000|100%| E|CS|TAMS 0x000000008b200000| PB 0x000000008b200000| Complete 
| 155|0x000000008b300000, 0x000000008b400000, 0x000000008b400000|100%| E|CS|TAMS 0x000000008b300000| PB 0x000000008b300000| Complete 
| 156|0x000000008b400000, 0x000000008b500000, 0x000000008b500000|100%| E|CS|TAMS 0x000000008b400000| PB 0x000000008b400000| Complete 
| 157|0x000000008b500000, 0x000000008b600000, 0x000000008b600000|100%| E|CS|TAMS 0x000000008b500000| PB 0x000000008b500000| Complete 
| 158|0x000000008b600000, 0x000000008b700000, 0x000000008b700000|100%| E|CS|TAMS 0x000000008b600000| PB 0x000000008b600000| Complete 
| 159|0x000000008b700000, 0x000000008b800000, 0x000000008b800000|100%| E|CS|TAMS 0x000000008b700000| PB 0x000000008b700000| Complete 
| 160|0x000000008b800000, 0x000000008b900000, 0x000000008b900000|100%| E|CS|TAMS 0x000000008b800000| PB 0x000000008b800000| Complete 
| 161|0x000000008b900000, 0x000000008ba00000, 0x000000008ba00000|100%| E|CS|TAMS 0x000000008b900000| PB 0x000000008b900000| Complete 
| 162|0x000000008ba00000, 0x000000008bb00000, 0x000000008bb00000|100%| E|CS|TAMS 0x000000008ba00000| PB 0x000000008ba00000| Complete 
| 163|0x000000008bb00000, 0x000000008bc00000, 0x000000008bc00000|100%| E|CS|TAMS 0x000000008bb00000| PB 0x000000008bb00000| Complete 
| 164|0x000000008bc00000, 0x000000008bd00000, 0x000000008bd00000|100%| E|CS|TAMS 0x000000008bc00000| PB 0x000000008bc00000| Complete 
| 165|0x000000008bd00000, 0x000000008be00000, 0x000000008be00000|100%| E|CS|TAMS 0x000000008bd00000| PB 0x000000008bd00000| Complete 
| 166|0x000000008be00000, 0x000000008bf00000, 0x000000008bf00000|100%| E|CS|TAMS 0x000000008be00000| PB 0x000000008be00000| Complete 
| 167|0x000000008bf00000, 0x000000008c000000, 0x000000008c000000|100%| E|CS|TAMS 0x000000008bf00000| PB 0x000000008bf00000| Complete 
| 168|0x000000008c000000, 0x000000008c100000, 0x000000008c100000|100%| E|CS|TAMS 0x000000008c000000| PB 0x000000008c000000| Complete 
| 169|0x000000008c100000, 0x000000008c200000, 0x000000008c200000|100%| E|CS|TAMS 0x000000008c100000| PB 0x000000008c100000| Complete 
| 170|0x000000008c200000, 0x000000008c300000, 0x000000008c300000|100%| E|CS|TAMS 0x000000008c200000| PB 0x000000008c200000| Complete 
| 171|0x000000008c300000, 0x000000008c400000, 0x000000008c400000|100%| E|CS|TAMS 0x000000008c300000| PB 0x000000008c300000| Complete 
| 172|0x000000008c400000, 0x000000008c500000, 0x000000008c500000|100%| E|CS|TAMS 0x000000008c400000| PB 0x000000008c400000| Complete 
| 173|0x000000008c500000, 0x000000008c600000, 0x000000008c600000|100%| E|CS|TAMS 0x000000008c500000| PB 0x000000008c500000| Complete 
| 174|0x000000008c600000, 0x000000008c700000, 0x000000008c700000|100%| E|CS|TAMS 0x000000008c600000| PB 0x000000008c600000| Complete 
| 175|0x000000008c700000, 0x000000008c800000, 0x000000008c800000|100%| E|CS|TAMS 0x000000008c700000| PB 0x000000008c700000| Complete 
| 176|0x000000008c800000, 0x000000008c900000, 0x000000008c900000|100%| E|CS|TAMS 0x000000008c800000| PB 0x000000008c800000| Complete 
| 177|0x000000008c900000, 0x000000008ca00000, 0x000000008ca00000|100%| E|CS|TAMS 0x000000008c900000| PB 0x000000008c900000| Complete 
| 178|0x000000008ca00000, 0x000000008cb00000, 0x000000008cb00000|100%| E|CS|TAMS 0x000000008ca00000| PB 0x000000008ca00000| Complete 
| 179|0x000000008cb00000, 0x000000008cc00000, 0x000000008cc00000|100%| E|CS|TAMS 0x000000008cb00000| PB 0x000000008cb00000| Complete 
| 180|0x000000008cc00000, 0x000000008cd00000, 0x000000008cd00000|100%| E|CS|TAMS 0x000000008cc00000| PB 0x000000008cc00000| Complete 
| 181|0x000000008cd00000, 0x000000008ce00000, 0x000000008ce00000|100%| E|CS|TAMS 0x000000008cd00000| PB 0x000000008cd00000| Complete 
| 182|0x000000008ce00000, 0x000000008cf00000, 0x000000008cf00000|100%| E|CS|TAMS 0x000000008ce00000| PB 0x000000008ce00000| Complete 
| 183|0x000000008cf00000, 0x000000008d000000, 0x000000008d000000|100%| E|CS|TAMS 0x000000008cf00000| PB 0x000000008cf00000| Complete 
| 184|0x000000008d000000, 0x000000008d100000, 0x000000008d100000|100%| E|CS|TAMS 0x000000008d000000| PB 0x000000008d000000| Complete 
| 185|0x000000008d100000, 0x000000008d200000, 0x000000008d200000|100%| E|CS|TAMS 0x000000008d100000| PB 0x000000008d100000| Complete 
| 186|0x000000008d200000, 0x000000008d300000, 0x000000008d300000|100%| E|CS|TAMS 0x000000008d200000| PB 0x000000008d200000| Complete 
| 187|0x000000008d300000, 0x000000008d400000, 0x000000008d400000|100%| E|CS|TAMS 0x000000008d300000| PB 0x000000008d300000| Complete 
| 188|0x000000008d400000, 0x000000008d500000, 0x000000008d500000|100%| E|CS|TAMS 0x000000008d400000| PB 0x000000008d400000| Complete 
| 189|0x000000008d500000, 0x000000008d600000, 0x000000008d600000|100%| E|CS|TAMS 0x000000008d500000| PB 0x000000008d500000| Complete 
| 190|0x000000008d600000, 0x000000008d700000, 0x000000008d700000|100%| E|CS|TAMS 0x000000008d600000| PB 0x000000008d600000| Complete 
| 191|0x000000008d700000, 0x000000008d800000, 0x000000008d800000|100%| E|CS|TAMS 0x000000008d700000| PB 0x000000008d700000| Complete 
| 192|0x000000008d800000, 0x000000008d900000, 0x000000008d900000|100%| E|CS|TAMS 0x000000008d800000| PB 0x000000008d800000| Complete 
| 193|0x000000008d900000, 0x000000008da00000, 0x000000008da00000|100%| E|CS|TAMS 0x000000008d900000| PB 0x000000008d900000| Complete 
| 194|0x000000008da00000, 0x000000008db00000, 0x000000008db00000|100%| E|CS|TAMS 0x000000008da00000| PB 0x000000008da00000| Complete 
| 195|0x000000008db00000, 0x000000008dc00000, 0x000000008dc00000|100%| E|CS|TAMS 0x000000008db00000| PB 0x000000008db00000| Complete 
| 196|0x000000008dc00000, 0x000000008dd00000, 0x000000008dd00000|100%| E|CS|TAMS 0x000000008dc00000| PB 0x000000008dc00000| Complete 
| 197|0x000000008dd00000, 0x000000008de00000, 0x000000008de00000|100%| E|CS|TAMS 0x000000008dd00000| PB 0x000000008dd00000| Complete 
| 198|0x000000008de00000, 0x000000008df00000, 0x000000008df00000|100%| E|CS|TAMS 0x000000008de00000| PB 0x000000008de00000| Complete 
| 199|0x000000008df00000, 0x000000008e000000, 0x000000008e000000|100%| E|CS|TAMS 0x000000008df00000| PB 0x000000008df00000| Complete 
| 200|0x000000008e000000, 0x000000008e100000, 0x000000008e100000|100%| E|CS|TAMS 0x000000008e000000| PB 0x000000008e000000| Complete 
| 201|0x000000008e100000, 0x000000008e200000, 0x000000008e200000|100%| E|CS|TAMS 0x000000008e100000| PB 0x000000008e100000| Complete 
| 202|0x000000008e200000, 0x000000008e300000, 0x000000008e300000|100%| E|CS|TAMS 0x000000008e200000| PB 0x000000008e200000| Complete 
| 203|0x000000008e300000, 0x000000008e400000, 0x000000008e400000|100%| E|CS|TAMS 0x000000008e300000| PB 0x000000008e300000| Complete 
| 204|0x000000008e400000, 0x000000008e500000, 0x000000008e500000|100%| E|CS|TAMS 0x000000008e400000| PB 0x000000008e400000| Complete 
| 205|0x000000008e500000, 0x000000008e600000, 0x000000008e600000|100%| E|CS|TAMS 0x000000008e500000| PB 0x000000008e500000| Complete 
| 206|0x000000008e600000, 0x000000008e700000, 0x000000008e700000|100%| E|CS|TAMS 0x000000008e600000| PB 0x000000008e600000| Complete 
| 207|0x000000008e700000, 0x000000008e800000, 0x000000008e800000|100%| E|CS|TAMS 0x000000008e700000| PB 0x000000008e700000| Complete 
| 208|0x000000008e800000, 0x000000008e900000, 0x000000008e900000|100%| E|CS|TAMS 0x000000008e800000| PB 0x000000008e800000| Complete 
| 209|0x000000008e900000, 0x000000008ea00000, 0x000000008ea00000|100%| E|CS|TAMS 0x000000008e900000| PB 0x000000008e900000| Complete 
| 210|0x000000008ea00000, 0x000000008eb00000, 0x000000008eb00000|100%| E|CS|TAMS 0x000000008ea00000| PB 0x000000008ea00000| Complete 
| 211|0x000000008eb00000, 0x000000008ec00000, 0x000000008ec00000|100%| E|CS|TAMS 0x000000008eb00000| PB 0x000000008eb00000| Complete 
| 212|0x000000008ec00000, 0x000000008ed00000, 0x000000008ed00000|100%| E|CS|TAMS 0x000000008ec00000| PB 0x000000008ec00000| Complete 
| 213|0x000000008ed00000, 0x000000008ee00000, 0x000000008ee00000|100%| E|CS|TAMS 0x000000008ed00000| PB 0x000000008ed00000| Complete 
|2018|0x00000000ffa00000, 0x00000000ffb00000, 0x00000000ffb00000|100%| O|CS|TAMS 0x00000000ffa00000| PB 0x00000000ffa00000| Complete 
|2019|0x00000000ffb00000, 0x00000000ffc00000, 0x00000000ffc00000|100%| E|CS|TAMS 0x00000000ffb00000| PB 0x00000000ffb00000| Complete 
|2020|0x00000000ffc00000, 0x00000000ffd00000, 0x00000000ffd00000|100%| O|CS|TAMS 0x00000000ffc00000| PB 0x00000000ffc00000| Complete 
|2021|0x00000000ffd00000, 0x00000000ffe00000, 0x00000000ffe00000|100%| O|CS|TAMS 0x00000000ffd00000| PB 0x00000000ffd00000| Complete 
|2022|0x00000000ffe00000, 0x00000000fff00000, 0x00000000fff00000|100%| E|CS|TAMS 0x00000000ffe00000| PB 0x00000000ffe00000| Complete 
|2023|0x00000000fff00000, 0x0000000100000000, 0x0000000100000000|100%| E|CS|TAMS 0x00000000fff00000| PB 0x00000000fff00000| Complete 

Card table byte_map: [0x0000020d38b00000,0x0000020d38f00000] _byte_map_base: 0x0000020d386f4000

Marking Bits: (CMBitMap*) 0x0000020d2d6b2b30
 Bits: [0x0000020d39300000, 0x0000020d3b2a0000)

Polling page: 0x0000020d2b490000

Metaspace:

Usage:
  Non-class:     60.44 MB used.
      Class:      9.54 MB used.
       Both:     69.99 MB used.

Virtual space:
  Non-class space:       64.00 MB reserved,      60.94 MB ( 95%) committed,  1 nodes.
      Class space:        1.00 GB reserved,       9.94 MB ( <1%) committed,  1 nodes.
             Both:        1.06 GB reserved,      70.88 MB (  7%) committed. 

Chunk freelists:
   Non-Class:  2.92 MB
       Class:  1.98 MB
        Both:  4.90 MB

MaxMetaspaceSize: unlimited
CompressedClassSpaceSize: 1.00 GB
Initial GC threshold: 21.00 MB
Current GC threshold: 111.38 MB
CDS: on
MetaspaceReclaimPolicy: balanced
 - commit_granule_bytes: 65536.
 - commit_granule_words: 8192.
 - virtual_space_node_default_size: 8388608.
 - enlarge_chunks_in_place: 1.
 - new_chunks_are_fully_committed: 0.
 - uncommit_free_chunks: 1.
 - use_allocation_guard: 0.


Internal statistics:

num_allocs_failed_limit: 9.
num_arena_births: 1440.
num_arena_deaths: 78.
num_vsnodes_births: 2.
num_vsnodes_deaths: 0.
num_space_committed: 1134.
num_space_uncommitted: 0.
num_chunks_returned_to_freelist: 127.
num_chunks_taken_from_freelist: 4210.
num_chunk_merges: 32.
num_chunk_splits: 2887.
num_chunks_enlarged: 2144.
num_inconsistent_stats: 0.

CodeCache: size=49152Kb used=19525Kb max_used=20407Kb free=29626Kb
 bounds [0x0000020d35700000, 0x0000020d36b60000, 0x0000020d38700000]
 total_blobs=11084 nmethods=10383 adapters=625
 compilation: enabled
              stopped_count=0, restarted_count=0
 full_count=0

Compilation events (20 events):
Event: 948.825 Thread 0x0000020d3d5604f0 11965  s    1       org.postgresql.core.QueryExecutorBase::getTransactionState (5 bytes)
Event: 948.825 Thread 0x0000020d3d5604f0 nmethod 11965 0x0000020d369d9590 code [0x0000020d369d9720, 0x0000020d369d98a8]
Event: 948.857 Thread 0x0000020d3d5604f0 11966       1       org.hibernate.engine.internal.AbstractEntityEntry$EnumState::getMask (5 bytes)
Event: 948.857 Thread 0x0000020d3d5604f0 nmethod 11966 0x0000020d369d9290 code [0x0000020d369d9400, 0x0000020d369d94c8]
Event: 948.858 Thread 0x0000020d3d5604f0 11967       1       org.hibernate.engine.internal.AbstractEntityEntry$EnumState::getEnumConstants (5 bytes)
Event: 948.858 Thread 0x0000020d3d5604f0 nmethod 11967 0x0000020d369d8f90 code [0x0000020d369d9100, 0x0000020d369d91c8]
Event: 948.872 Thread 0x0000020d3d5604f0 11968       1       org.springframework.core.SerializableTypeWrapper$MethodParameterTypeProvider::getType (8 bytes)
Event: 948.873 Thread 0x0000020d3d5604f0 nmethod 11968 0x0000020d369d8c90 code [0x0000020d369d8e20, 0x0000020d369d8f10]
Event: 948.876 Thread 0x0000020d3d5604f0 11969       1       java.util.Collections$EmptyMap::containsKey (2 bytes)
Event: 948.876 Thread 0x0000020d3d5604f0 nmethod 11969 0x0000020d369d8990 code [0x0000020d369d8b00, 0x0000020d369d8bc8]
Event: 948.877 Thread 0x0000020d3d5604f0 11970       1       org.springframework.security.web.header.Header::getValues (5 bytes)
Event: 948.877 Thread 0x0000020d3d5604f0 nmethod 11970 0x0000020d369d8690 code [0x0000020d369d8800, 0x0000020d369d88c8]
Event: 948.884 Thread 0x0000020d3d5604f0 11971       1       java.lang.invoke.VarHandleInts$FieldInstanceReadWrite::compareAndSet (32 bytes)
Event: 948.885 Thread 0x0000020d3d5604f0 nmethod 11971 0x0000020d369d8090 code [0x0000020d369d8240, 0x0000020d369d8500]
Event: 979.880 Thread 0x0000020d3d5604f0 11972       1       org.apache.catalina.core.StandardContext::getThreadBindingListener (5 bytes)
Event: 979.881 Thread 0x0000020d3d5604f0 nmethod 11972 0x0000020d369d7d90 code [0x0000020d369d7f00, 0x0000020d369d7fd0]
Event: 999.905 Thread 0x0000020d3d5604f0 11973   !   1       org.apache.catalina.core.ContainerBase$ContainerBackgroundProcessor::processChildren (202 bytes)
Event: 999.907 Thread 0x0000020d3d5604f0 nmethod 11973 0x0000020d369d6310 code [0x0000020d369d65e0, 0x0000020d369d7418]
Event: 999.907 Thread 0x0000020d3d5604f0 11974       1       org.apache.catalina.mapper.MapperListener::lifecycleEvent (178 bytes)
Event: 999.909 Thread 0x0000020d3d5604f0 nmethod 11974 0x0000020d369d5490 code [0x0000020d369d5700, 0x0000020d369d5fa0]

GC Heap History (20 events):
Event: 30.426 GC heap after
{Heap after GC invocations=27 (full 0):
 garbage-first heap   total 95232K, used 46443K [0x0000000081800000, 0x0000000100000000)
  region size 1024K, 4 young (4096K), 4 survivors (4096K)
 Metaspace       used 58143K, committed 58816K, reserved 1114112K
  class space    used 7853K, committed 8192K, reserved 1048576K
}
Event: 31.390 GC heap before
{Heap before GC invocations=27 (full 0):
 garbage-first heap   total 95232K, used 80235K [0x0000000081800000, 0x0000000100000000)
  region size 1024K, 38 young (38912K), 4 survivors (4096K)
 Metaspace       used 60978K, committed 61696K, reserved 1114112K
  class space    used 8247K, committed 8576K, reserved 1048576K
}
Event: 31.402 GC heap after
{Heap after GC invocations=28 (full 0):
 garbage-first heap   total 95232K, used 49299K [0x0000000081800000, 0x0000000100000000)
  region size 1024K, 6 young (6144K), 6 survivors (6144K)
 Metaspace       used 60978K, committed 61696K, reserved 1114112K
  class space    used 8247K, committed 8576K, reserved 1048576K
}
Event: 31.717 GC heap before
{Heap before GC invocations=29 (full 0):
 garbage-first heap   total 106496K, used 84115K [0x0000000081800000, 0x0000000100000000)
  region size 1024K, 38 young (38912K), 6 survivors (6144K)
 Metaspace       used 60945K, committed 61696K, reserved 1114112K
  class space    used 8242K, committed 8576K, reserved 1048576K
}
Event: 31.734 GC heap after
{Heap after GC invocations=30 (full 0):
 garbage-first heap   total 106496K, used 56018K [0x0000000081800000, 0x0000000100000000)
  region size 1024K, 5 young (5120K), 5 survivors (5120K)
 Metaspace       used 60945K, committed 61696K, reserved 1114112K
  class space    used 8242K, committed 8576K, reserved 1048576K
}
Event: 31.970 GC heap before
{Heap before GC invocations=30 (full 0):
 garbage-first heap   total 106496K, used 92882K [0x0000000081800000, 0x0000000100000000)
  region size 1024K, 41 young (41984K), 5 survivors (5120K)
 Metaspace       used 61039K, committed 61760K, reserved 1114112K
  class space    used 8255K, committed 8576K, reserved 1048576K
}
Event: 31.993 GC heap after
{Heap after GC invocations=31 (full 0):
 garbage-first heap   total 112640K, used 68286K [0x0000000081800000, 0x0000000100000000)
  region size 1024K, 6 young (6144K), 6 survivors (6144K)
 Metaspace       used 61039K, committed 61760K, reserved 1114112K
  class space    used 8255K, committed 8576K, reserved 1048576K
}
Event: 32.062 GC heap before
{Heap before GC invocations=31 (full 0):
 garbage-first heap   total 112640K, used 83646K [0x0000000081800000, 0x0000000100000000)
  region size 1024K, 23 young (23552K), 6 survivors (6144K)
 Metaspace       used 61039K, committed 61760K, reserved 1114112K
  class space    used 8255K, committed 8576K, reserved 1048576K
}
Event: 32.074 GC heap after
{Heap after GC invocations=32 (full 0):
 garbage-first heap   total 225280K, used 71916K [0x0000000081800000, 0x0000000100000000)
  region size 1024K, 4 young (4096K), 4 survivors (4096K)
 Metaspace       used 61039K, committed 61760K, reserved 1114112K
  class space    used 8255K, committed 8576K, reserved 1048576K
}
Event: 32.307 GC heap before
{Heap before GC invocations=32 (full 0):
 garbage-first heap   total 225280K, used 116972K [0x0000000081800000, 0x0000000100000000)
  region size 1024K, 49 young (50176K), 4 survivors (4096K)
 Metaspace       used 61053K, committed 61760K, reserved 1114112K
  class space    used 8259K, committed 8576K, reserved 1048576K
}
Event: 32.333 GC heap after
{Heap after GC invocations=33 (full 0):
 garbage-first heap   total 225280K, used 84895K [0x0000000081800000, 0x0000000100000000)
  region size 1024K, 14 young (14336K), 14 survivors (14336K)
 Metaspace       used 61053K, committed 61760K, reserved 1114112K
  class space    used 8259K, committed 8576K, reserved 1048576K
}
Event: 32.802 GC heap before
{Heap before GC invocations=34 (full 0):
 garbage-first heap   total 225280K, used 175007K [0x0000000081800000, 0x0000000100000000)
  region size 1024K, 104 young (106496K), 14 survivors (14336K)
 Metaspace       used 60994K, committed 61760K, reserved 1114112K
  class space    used 8249K, committed 8576K, reserved 1048576K
}
Event: 32.824 GC heap after
{Heap after GC invocations=35 (full 0):
 garbage-first heap   total 225280K, used 87592K [0x0000000081800000, 0x0000000100000000)
  region size 1024K, 7 young (7168K), 7 survivors (7168K)
 Metaspace       used 60994K, committed 61760K, reserved 1114112K
  class space    used 8249K, committed 8576K, reserved 1048576K
}
Event: 92.313 GC heap before
{Heap before GC invocations=35 (full 0):
 garbage-first heap   total 225280K, used 193064K [0x0000000081800000, 0x0000000100000000)
  region size 1024K, 111 young (113664K), 7 survivors (7168K)
 Metaspace       used 65946K, committed 66752K, reserved 1114112K
  class space    used 8947K, committed 9344K, reserved 1048576K
}
Event: 92.324 GC heap after
{Heap after GC invocations=36 (full 0):
 garbage-first heap   total 225280K, used 80507K [0x0000000081800000, 0x0000000100000000)
  region size 1024K, 5 young (5120K), 5 survivors (5120K)
 Metaspace       used 65946K, committed 66752K, reserved 1114112K
  class space    used 8947K, committed 9344K, reserved 1048576K
}
Event: 96.650 GC heap before
{Heap before GC invocations=36 (full 0):
 garbage-first heap   total 225280K, used 197243K [0x0000000081800000, 0x0000000100000000)
  region size 1024K, 120 young (122880K), 5 survivors (5120K)
 Metaspace       used 67559K, committed 68416K, reserved 1114112K
  class space    used 9218K, committed 9600K, reserved 1048576K
}
Event: 96.664 GC heap after
{Heap after GC invocations=37 (full 0):
 garbage-first heap   total 225280K, used 82766K [0x0000000081800000, 0x0000000100000000)
  region size 1024K, 7 young (7168K), 7 survivors (7168K)
 Metaspace       used 67559K, committed 68416K, reserved 1114112K
  class space    used 9218K, committed 9600K, reserved 1048576K
}
Event: 466.887 GC heap before
{Heap before GC invocations=38 (full 0):
 garbage-first heap   total 225280K, used 184142K [0x0000000081800000, 0x0000000100000000)
  region size 1024K, 120 young (122880K), 7 survivors (7168K)
 Metaspace       used 70912K, committed 71808K, reserved 1114112K
  class space    used 9664K, committed 10048K, reserved 1048576K
}
Event: 467.208 GC heap after
{Heap after GC invocations=39 (full 0):
 garbage-first heap   total 225280K, used 71356K [0x0000000081800000, 0x0000000100000000)
  region size 1024K, 10 young (10240K), 10 survivors (10240K)
 Metaspace       used 70912K, committed 71808K, reserved 1114112K
  class space    used 9664K, committed 10048K, reserved 1048576K
}
Event: 1076.802 GC heap before
{Heap before GC invocations=39 (full 0):
 garbage-first heap   total 225280K, used 196284K [0x0000000081800000, 0x0000000100000000)
  region size 1024K, 132 young (135168K), 10 survivors (10240K)
 Metaspace       used 71665K, committed 72576K, reserved 1114112K
  class space    used 9773K, committed 10176K, reserved 1048576K
}

Dll operation events (14 events):
Event: 0.080 Loaded shared library C:\Users\Root\.jdks\openjdk-20.0.1\bin\java.dll
Event: 0.103 Loaded shared library C:\Users\Root\.jdks\openjdk-20.0.1\bin\jsvml.dll
Event: 0.739 Loaded shared library C:\Users\Root\.jdks\openjdk-20.0.1\bin\zip.dll
Event: 0.845 Loaded shared library C:\Users\Root\.jdks\openjdk-20.0.1\bin\instrument.dll
Event: 0.877 Loaded shared library C:\Users\Root\.jdks\openjdk-20.0.1\bin\net.dll
Event: 0.882 Loaded shared library C:\Users\Root\.jdks\openjdk-20.0.1\bin\nio.dll
Event: 0.946 Loaded shared library C:\Users\Root\.jdks\openjdk-20.0.1\bin\zip.dll
Event: 1.602 Loaded shared library C:\Program Files\JetBrains\IntelliJ IDEA 2022.3.1\bin\breakgen64.dll
Event: 1.620 Loaded shared library C:\Users\Root\.jdks\openjdk-20.0.1\bin\jimage.dll
Event: 1.674 Loaded shared library C:\Users\Root\.jdks\openjdk-20.0.1\bin\extnet.dll
Event: 1.967 Loaded shared library C:\Users\Root\.jdks\openjdk-20.0.1\bin\management.dll
Event: 2.036 Loaded shared library C:\Users\Root\.jdks\openjdk-20.0.1\bin\management_ext.dll
Event: 4.029 Loaded shared library C:\Users\Root\.jdks\openjdk-20.0.1\bin\verify.dll
Event: 12.168 Loaded shared library C:\Users\Root\.jdks\openjdk-20.0.1\bin\sunmscapi.dll

Deoptimization events (20 events):
Event: 3.029 Thread 0x0000020d2d659750 DEOPT PACKING pc=0x0000020d359f61e0 sp=0x000000ec294fd1d0
Event: 3.029 Thread 0x0000020d2d659750 DEOPT UNPACKING pc=0x0000020d3576a4c2 sp=0x000000ec294fc688 mode 3
Event: 6.831 Thread 0x0000020d423fe9d0 DEOPT PACKING pc=0x0000020d35cdb379 sp=0x000000ec2adfcd50
Event: 6.831 Thread 0x0000020d423fe9d0 DEOPT UNPACKING pc=0x0000020d3576a4c2 sp=0x000000ec2adfc230 mode 3
Event: 8.092 Thread 0x0000020d423fe9d0 DEOPT PACKING pc=0x0000020d35dc6bed sp=0x000000ec2adfdac0
Event: 8.093 Thread 0x0000020d423fe9d0 DEOPT UNPACKING pc=0x0000020d3576a4c2 sp=0x000000ec2adfd028 mode 3
Event: 10.069 Thread 0x0000020d423fe9d0 DEOPT PACKING pc=0x0000020d35d07e14 sp=0x000000ec2adfd210
Event: 10.069 Thread 0x0000020d423fe9d0 DEOPT UNPACKING pc=0x0000020d3576a4c2 sp=0x000000ec2adfc768 mode 0
Event: 23.455 Thread 0x0000020d423fe9d0 DEOPT PACKING pc=0x0000020d3602fa79 sp=0x000000ec2adfa880
Event: 23.456 Thread 0x0000020d423fe9d0 DEOPT UNPACKING pc=0x0000020d3576a4c2 sp=0x000000ec2adf9d60 mode 3
Event: 28.255 Thread 0x0000020d423fe9d0 DEOPT PACKING pc=0x0000020d35a91333 sp=0x000000ec2adfc7a0
Event: 28.255 Thread 0x0000020d423fe9d0 DEOPT UNPACKING pc=0x0000020d3576a4c2 sp=0x000000ec2adfbc38 mode 3
Event: 29.830 Thread 0x0000020d423fe9d0 DEOPT PACKING pc=0x0000020d35d26bad sp=0x000000ec2adf9f30
Event: 29.830 Thread 0x0000020d423fe9d0 DEOPT UNPACKING pc=0x0000020d3576a4c2 sp=0x000000ec2adf9438 mode 3
Event: 31.328 Thread 0x0000020d423fe9d0 DEOPT PACKING pc=0x0000020d36649803 sp=0x000000ec2adfac10
Event: 31.328 Thread 0x0000020d423fe9d0 DEOPT UNPACKING pc=0x0000020d3576a4c2 sp=0x000000ec2adfa158 mode 3
Event: 35.382 Thread 0x0000020d423fe9d0 DEOPT PACKING pc=0x0000020d35cf43b1 sp=0x000000ec2adfc620
Event: 35.382 Thread 0x0000020d423fe9d0 DEOPT UNPACKING pc=0x0000020d3576a4c2 sp=0x000000ec2adfbb28 mode 3
Event: 95.367 Thread 0x0000020d42fa51f0 DEOPT PACKING pc=0x0000020d3618daa7 sp=0x000000ec2b7f9c70
Event: 95.368 Thread 0x0000020d42fa51f0 DEOPT UNPACKING pc=0x0000020d3576a4c2 sp=0x000000ec2b7f9148 mode 3

Classes loaded (20 events):
Event: 441.646 Loading class java/util/zip/GZIPInputStream
Event: 441.647 Loading class java/util/zip/GZIPInputStream done
Event: 442.050 Loading class java/text/MessageFormat$Field
Event: 442.051 Loading class java/text/MessageFormat$Field done
Event: 442.063 Loading class java/util/zip/GZIPOutputStream
Event: 442.063 Loading class java/util/zip/DeflaterOutputStream
Event: 442.064 Loading class java/util/zip/DeflaterOutputStream done
Event: 442.064 Loading class java/util/zip/GZIPOutputStream done
Event: 442.253 Loading class sun/security/provider/SecureRandom
Event: 442.253 Loading class sun/security/provider/SecureRandom done
Event: 442.255 Loading class sun/security/provider/SecureRandom$SeederHolder
Event: 442.255 Loading class sun/security/provider/SecureRandom$SeederHolder done
Event: 940.362 Loading class jdk/internal/reflect/MethodHandleBooleanFieldAccessorImpl
Event: 940.366 Loading class jdk/internal/reflect/MethodHandleBooleanFieldAccessorImpl done
Event: 948.573 Loading class java/lang/ObjectCustomizer
Event: 948.575 Loading class java/lang/ObjectCustomizer done
Event: 948.582 Loading class java/lang/ObjectCustomizer
Event: 948.582 Loading class java/lang/ObjectCustomizer done
Event: 948.881 Loading class sun/net/ConnectionResetException
Event: 948.884 Loading class sun/net/ConnectionResetException done

Classes unloaded (20 events):
Event: 31.569 Thread 0x0000020d3d53a230 Unloading class 0x00000008017dd000 'jdk/internal/reflect/GeneratedSerializationConstructorAccessor40'
Event: 31.569 Thread 0x0000020d3d53a230 Unloading class 0x00000008017dcc00 'jdk/internal/reflect/GeneratedSerializationConstructorAccessor39'
Event: 32.517 Thread 0x0000020d3d53a230 Unloading class 0x00000008017f3000 'jdk/internal/reflect/GeneratedSerializationConstructorAccessor66'
Event: 32.517 Thread 0x0000020d3d53a230 Unloading class 0x00000008017f2c00 'jdk/internal/reflect/GeneratedSerializationConstructorAccessor65'
Event: 32.517 Thread 0x0000020d3d53a230 Unloading class 0x00000008017f2800 'jdk/internal/reflect/GeneratedSerializationConstructorAccessor64'
Event: 32.517 Thread 0x0000020d3d53a230 Unloading class 0x00000008017f2400 'jdk/internal/reflect/GeneratedSerializationConstructorAccessor63'
Event: 32.517 Thread 0x0000020d3d53a230 Unloading class 0x00000008017f2000 'jdk/internal/reflect/GeneratedSerializationConstructorAccessor62'
Event: 32.517 Thread 0x0000020d3d53a230 Unloading class 0x00000008017f1400 'jdk/internal/reflect/GeneratedSerializationConstructorAccessor61'
Event: 32.517 Thread 0x0000020d3d53a230 Unloading class 0x00000008017f0400 'jdk/internal/reflect/GeneratedSerializationConstructorAccessor60'
Event: 32.517 Thread 0x0000020d3d53a230 Unloading class 0x00000008017f0000 'jdk/internal/reflect/GeneratedSerializationConstructorAccessor59'
Event: 32.517 Thread 0x0000020d3d53a230 Unloading class 0x00000008017e2c00 'jdk/internal/reflect/GeneratedSerializationConstructorAccessor58'
Event: 32.517 Thread 0x0000020d3d53a230 Unloading class 0x00000008017c4400 'jdk/internal/reflect/GeneratedSerializationConstructorAccessor57'
Event: 32.517 Thread 0x0000020d3d53a230 Unloading class 0x00000008017c4000 'jdk/internal/reflect/GeneratedSerializationConstructorAccessor56'
Event: 32.517 Thread 0x0000020d3d53a230 Unloading class 0x00000008017c8000 'jdk/internal/reflect/GeneratedSerializationConstructorAccessor55'
Event: 32.517 Thread 0x0000020d3d53a230 Unloading class 0x00000008017d0400 'jdk/internal/reflect/GeneratedSerializationConstructorAccessor54'
Event: 32.517 Thread 0x0000020d3d53a230 Unloading class 0x00000008017e2800 'jdk/internal/reflect/GeneratedSerializationConstructorAccessor53'
Event: 32.517 Thread 0x0000020d3d53a230 Unloading class 0x00000008017e1c00 'jdk/internal/reflect/GeneratedSerializationConstructorAccessor52'
Event: 32.517 Thread 0x0000020d3d53a230 Unloading class 0x00000008017e1400 'jdk/internal/reflect/GeneratedSerializationConstructorAccessor51'
Event: 32.517 Thread 0x0000020d3d53a230 Unloading class 0x00000008017e1000 'jdk/internal/reflect/GeneratedSerializationConstructorAccessor50'
Event: 32.517 Thread 0x0000020d3d53a230 Unloading class 0x00000008017e0c00 'jdk/internal/reflect/GeneratedSerializationConstructorAccessor49'

Classes redefined (0 events):
No events

Internal exceptions (20 events):
Event: 35.057 Thread 0x0000020d423fe9d0 Exception <a 'java/lang/NoSuchMethodError'{0x000000008becb338}: 'java.lang.Object java.lang.invoke.DirectMethodHandle$Holder.invokeVirtual(java.lang.Object, java.lang.Object, java.lang.Object, java.lang.Object, java.lang.Object, java.lang.Object, java.lang.Object, java.lang.Object, java.lang.Object)'> (0x000000008becb338) 
thrown [s\open\src\hotspot\share\interpreter\linkResolver.cpp, line 773]
Event: 35.188 Thread 0x0000020d423fe9d0 Exception <a 'java/lang/NoSuchMethodError'{0x000000008bc69c50}: 'java.lang.Object java.lang.invoke.DirectMethodHandle$Holder.invokeVirtual(java.lang.Object, java.lang.Object, java.lang.Object, java.lang.Object, java.lang.Object, java.lang.Object, java.lang.Object, java.lang.Object, java.lang.Object, java.lang.Object)'> (0x000000008bc69c50) 
thrown [s\open\src\hotspot\share\interpreter\linkResolver.cpp, line 773]
Event: 35.218 Thread 0x0000020d423fe9d0 Exception <a 'java/lang/NoSuchMethodError'{0x000000008bb1ea88}: 'java.lang.Object java.lang.invoke.DirectMethodHandle$Holder.invokeVirtual(java.lang.Object, java.lang.Object, java.lang.Object, java.lang.Object, java.lang.Object, java.lang.Object, java.lang.Object, java.lang.Object, java.lang.Object, java.lang.Object, java.lang.Object, java.lang.Object)'> (0x000000008bb1ea88) 
thrown [s\open\src\hotspot\share\interpreter\linkResolver.cpp, line 773]
Event: 36.208 Thread 0x0000020d423fe9d0 Exception <a 'java/lang/NoSuchMethodError'{0x000000008b0d9840}: 'java.lang.Object java.lang.invoke.DirectMethodHandle$Holder.invokeSpecial(java.lang.Object, java.lang.Object, int, java.lang.Object, int, java.lang.Object)'> (0x000000008b0d9840) 
thrown [s\open\src\hotspot\share\interpreter\linkResolver.cpp, line 773]
Event: 36.209 Thread 0x0000020d423fe9d0 Exception <a 'java/lang/NoSuchMethodError'{0x000000008b0e1350}: 'java.lang.Object java.lang.invoke.DirectMethodHandle$Holder.newInvokeSpecial(java.lang.Object, java.lang.Object, int, java.lang.Object, int)'> (0x000000008b0e1350) 
thrown [s\open\src\hotspot\share\interpreter\linkResolver.cpp, line 773]
Event: 36.209 Thread 0x0000020d423fe9d0 Exception <a 'java/lang/NoSuchMethodError'{0x000000008b0e51c0}: 'java.lang.Object java.lang.invoke.DirectMethodHandle$Holder.invokeSpecial(java.lang.Object, java.lang.Object, java.lang.Object, int, java.lang.Object, int)'> (0x000000008b0e51c0) 
thrown [s\open\src\hotspot\share\interpreter\linkResolver.cpp, line 773]
Event: 36.465 Thread 0x0000020d4428f9a0 Exception <a 'java/lang/NoSuchMethodError'{0x000000008ab4f3c8}: 'java.lang.Object java.lang.invoke.DirectMethodHandle$Holder.invokeInterface(java.lang.Object, java.lang.Object, java.lang.Object, java.lang.Object, java.lang.Object, java.lang.Object, java.lang.Object)'> (0x000000008ab4f3c8) 
thrown [s\open\src\hotspot\share\interpreter\linkResolver.cpp, line 773]
Event: 86.509 Thread 0x0000020d42fa3cb0 Exception <a 'java/lang/NoSuchMethodError'{0x0000000089cfbc88}: 'java.lang.Object java.lang.invoke.DirectMethodHandle$Holder.invokeStatic(java.lang.Object, int, int)'> (0x0000000089cfbc88) 
thrown [s\open\src\hotspot\share\interpreter\linkResolver.cpp, line 773]
Event: 193.841 Thread 0x0000020d4428f450 Exception <a 'java/lang/NoSuchMethodError'{0x000000008c919350}: 'java.lang.Object java.lang.invoke.DirectMethodHandle$Holder.invokeStatic(java.lang.Object, int, java.lang.Object, java.lang.Object)'> (0x000000008c919350) 
thrown [s\open\src\hotspot\share\interpreter\linkResolver.cpp, line 773]
Event: 193.847 Thread 0x0000020d4428f450 Exception <a 'java/lang/NoSuchMethodError'{0x000000008c920b78}: 'java.lang.Object java.lang.invoke.DirectMethodHandle$Holder.newInvokeSpecial(java.lang.Object, int, java.lang.Object, java.lang.Object)'> (0x000000008c920b78) 
thrown [s\open\src\hotspot\share\interpreter\linkResolver.cpp, line 773]
Event: 193.848 Thread 0x0000020d4428f450 Exception <a 'java/lang/NoSuchMethodError'{0x000000008c924ec8}: 'java.lang.Object java.lang.invoke.DirectMethodHandle$Holder.invokeSpecial(java.lang.Object, java.lang.Object, int, java.lang.Object, java.lang.Object)'> (0x000000008c924ec8) 
thrown [s\open\src\hotspot\share\interpreter\linkResolver.cpp, line 773]
Event: 442.380 Thread 0x0000020d4428e460 Exception <a 'java/lang/NoSuchMethodError'{0x000000008866c128}: 'int java.lang.invoke.DirectMethodHandle$Holder.invokeVirtual(java.lang.Object, java.lang.Object, int)'> (0x000000008866c128) 
thrown [s\open\src\hotspot\share\interpreter\linkResolver.cpp, line 773]
Event: 926.405 Thread 0x0000020d44290990 Exception <a 'java/lang/NoSuchMethodError'{0x0000000089b244f0}: 'java.lang.Object java.lang.invoke.DirectMethodHandle$Holder.invokeInterface(java.lang.Object, java.lang.Object, java.lang.Object, java.lang.Object)'> (0x0000000089b244f0) 
thrown [s\open\src\hotspot\share\interpreter\linkResolver.cpp, line 773]
Event: 933.379 Thread 0x0000020d4428cf20 Exception <a 'java/lang/NoSuchMethodError'{0x000000008984cf60}: 'java.lang.Object java.lang.invoke.DirectMethodHandle$Holder.invokeStaticInit(java.lang.Object, java.lang.Object, java.lang.Object, java.lang.Object, java.lang.Object, java.lang.Object)'> (0x000000008984cf60) 
thrown [s\open\src\hotspot\share\interpreter\linkResolver.cpp, line 773]
Event: 933.589 Thread 0x0000020d4428cf20 Exception <a 'java/lang/NoSuchMethodError'{0x00000000898f0cd8}: 'long java.lang.invoke.DirectMethodHandle$Holder.invokeVirtual(java.lang.Object, java.lang.Object)'> (0x00000000898f0cd8) 
thrown [s\open\src\hotspot\share\interpreter\linkResolver.cpp, line 773]
Event: 940.367 Thread 0x0000020d4428e460 Exception <a 'java/lang/NoSuchMethodError'{0x00000000894f6eb8}: 'void java.lang.invoke.Invokers$Holder.invokeExact_MT(java.lang.Object, java.lang.Object, int, java.lang.Object)'> (0x00000000894f6eb8) 
thrown [s\open\src\hotspot\share\interpreter\linkResolver.cpp, line 773]
Event: 940.371 Thread 0x0000020d4428e460 Exception <a 'java/lang/NoSuchMethodError'{0x00000000894fd6b0}: 'int java.lang.invoke.Invokers$Holder.invokeExact_MT(java.lang.Object, java.lang.Object, java.lang.Object)'> (0x00000000894fd6b0) 
thrown [s\open\src\hotspot\share\interpreter\linkResolver.cpp, line 773]
Event: 948.582 Thread 0x0000020d44290990 Exception <a 'java/lang/ClassNotFoundException'{0x00000000891a3650}: java/lang/ObjectCustomizer> (0x00000000891a3650) 
thrown [s\open\src\hotspot\share\classfile\systemDictionary.cpp, line 305]
Event: 948.599 Thread 0x0000020d44290990 Exception <a 'java/lang/ClassNotFoundException'{0x00000000891b3bc0}: com/pfe/myschool/model/FormationProposalCustomizer> (0x00000000891b3bc0) 
thrown [s\open\src\hotspot\share\classfile\systemDictionary.cpp, line 305]
Event: 948.881 Thread 0x0000020d44290990 Exception <a 'java/io/IOException'{0x00000000890de508}> (0x00000000890de508) 
thrown [s\open\src\hotspot\share\prims\jni.cpp, line 519]

VM Operations (20 events):
Event: 927.400 Executing VM operation: Cleanup done
Event: 933.441 Executing VM operation: Cleanup
Event: 933.441 Executing VM operation: Cleanup done
Event: 934.452 Executing VM operation: Cleanup
Event: 934.452 Executing VM operation: Cleanup done
Event: 936.458 Executing VM operation: Cleanup
Event: 936.458 Executing VM operation: Cleanup done
Event: 940.502 Executing VM operation: Cleanup
Event: 940.502 Executing VM operation: Cleanup done
Event: 948.562 Executing VM operation: HandshakeAllThreads
Event: 948.562 Executing VM operation: HandshakeAllThreads done
Event: 948.562 Executing VM operation: Cleanup
Event: 948.563 Executing VM operation: Cleanup done
Event: 948.565 Executing VM operation: HandshakeAllThreads
Event: 948.565 Executing VM operation: HandshakeAllThreads done
Event: 949.576 Executing VM operation: Cleanup
Event: 949.576 Executing VM operation: Cleanup done
Event: 1010.110 Executing VM operation: Cleanup
Event: 1010.111 Executing VM operation: Cleanup done
Event: 1076.801 Executing VM operation: G1CollectForAllocation

Events (20 events):
Event: 126.416 Thread 0x0000020d4274e1f0 Thread exited: 0x0000020d4274e1f0
Event: 152.252 Thread 0x0000020d44291980 Thread exited: 0x0000020d44291980
Event: 212.259 Thread 0x0000020d44290440 Thread exited: 0x0000020d44290440
Event: 215.281 Thread 0x0000020d4459d050 Thread added: 0x0000020d4459d050
Event: 220.292 Thread 0x0000020d4459d050 Thread exited: 0x0000020d4459d050
Event: 272.288 Thread 0x0000020d4428d470 Thread exited: 0x0000020d4428d470
Event: 273.750 Thread 0x0000020d4459cac0 Thread added: 0x0000020d4459cac0
Event: 274.399 Thread 0x0000020d4459cac0 Thread exited: 0x0000020d4459cac0
Event: 438.504 Thread 0x0000020d4459cac0 Thread added: 0x0000020d4459cac0
Event: 439.369 Thread 0x0000020d4459cac0 Thread exited: 0x0000020d4459cac0
Event: 441.437 Thread 0x0000020d44597ce0 Thread added: 0x0000020d44597ce0
Event: 443.807 Thread 0x0000020d44597ce0 Thread exited: 0x0000020d44597ce0
Event: 933.192 Thread 0x0000020d421dc5e0 Thread added: 0x0000020d421dc5e0
Event: 933.193 Thread 0x0000020d421dd690 Thread added: 0x0000020d421dd690
Event: 934.805 Thread 0x0000020d421dd690 Thread exited: 0x0000020d421dd690
Event: 934.812 Thread 0x0000020d421dc5e0 Thread exited: 0x0000020d421dc5e0
Event: 934.869 Thread 0x0000020d421df260 Thread added: 0x0000020d421df260
Event: 940.282 Thread 0x0000020d421df260 Thread exited: 0x0000020d421df260
Event: 940.288 Thread 0x0000020d421e08a0 Thread added: 0x0000020d421e08a0
Event: 945.388 Thread 0x0000020d421e08a0 Thread exited: 0x0000020d421e08a0


Dynamic libraries:
0x00007ff6df880000 - 0x00007ff6df88e000 	C:\Users\Root\.jdks\openjdk-20.0.1\bin\java.exe
0x00007ffd53730000 - 0x00007ffd53928000 	C:\WINDOWS\SYSTEM32\ntdll.dll
0x00007ffd51870000 - 0x00007ffd5192f000 	C:\WINDOWS\System32\KERNEL32.DLL
0x00007ffd50eb0000 - 0x00007ffd511a6000 	C:\WINDOWS\System32\KERNELBASE.dll
0x00007ffd51500000 - 0x00007ffd51600000 	C:\WINDOWS\System32\ucrtbase.dll
0x00007ffd44a20000 - 0x00007ffd44a37000 	C:\Users\Root\.jdks\openjdk-20.0.1\bin\jli.dll
0x00007ffd44a00000 - 0x00007ffd44a1b000 	C:\Users\Root\.jdks\openjdk-20.0.1\bin\VCRUNTIME140.dll
0x00007ffd532d0000 - 0x00007ffd5346d000 	C:\WINDOWS\System32\USER32.dll
0x00007ffd51340000 - 0x00007ffd51362000 	C:\WINDOWS\System32\win32u.dll
0x00007ffd500d0000 - 0x00007ffd5036a000 	C:\WINDOWS\WinSxS\amd64_microsoft.windows.common-controls_6595b64144ccf1df_6.0.19041.1110_none_60b5254171f9507e\COMCTL32.dll
0x00007ffd52a40000 - 0x00007ffd52a6c000 	C:\WINDOWS\System32\GDI32.dll
0x00007ffd51e40000 - 0x00007ffd51ede000 	C:\WINDOWS\System32\msvcrt.dll
0x00007ffd51670000 - 0x00007ffd51785000 	C:\WINDOWS\System32\gdi32full.dll
0x00007ffd50e10000 - 0x00007ffd50ead000 	C:\WINDOWS\System32\msvcp_win.dll
0x00007ffd52470000 - 0x00007ffd524a0000 	C:\WINDOWS\System32\IMM32.DLL
0x00007ffd449f0000 - 0x00007ffd449fc000 	C:\Users\Root\.jdks\openjdk-20.0.1\bin\vcruntime140_1.dll
0x00007ffd2c470000 - 0x00007ffd2c4fe000 	C:\Users\Root\.jdks\openjdk-20.0.1\bin\msvcp140.dll
0x00007ffd07c40000 - 0x00007ffd088d7000 	C:\Users\Root\.jdks\openjdk-20.0.1\bin\server\jvm.dll
0x00007ffd51930000 - 0x00007ffd519df000 	C:\WINDOWS\System32\ADVAPI32.dll
0x00007ffd51ee0000 - 0x00007ffd51f7c000 	C:\WINDOWS\System32\sechost.dll
0x00007ffd51ff0000 - 0x00007ffd52116000 	C:\WINDOWS\System32\RPCRT4.dll
0x00007ffd3da70000 - 0x00007ffd3da7a000 	C:\WINDOWS\SYSTEM32\VERSION.dll
0x00007ffd37f90000 - 0x00007ffd37fb7000 	C:\WINDOWS\SYSTEM32\WINMM.dll
0x00007ffd40d70000 - 0x00007ffd40d79000 	C:\WINDOWS\SYSTEM32\WSOCK32.dll
0x00007ffd52400000 - 0x00007ffd5246b000 	C:\WINDOWS\System32\WS2_32.dll
0x00007ffd4de70000 - 0x00007ffd4de82000 	C:\WINDOWS\SYSTEM32\kernel.appcore.dll
0x00007ffd39ea0000 - 0x00007ffd39eaa000 	C:\Users\Root\.jdks\openjdk-20.0.1\bin\jimage.dll
0x00007ffd50780000 - 0x00007ffd50964000 	C:\WINDOWS\SYSTEM32\DBGHELP.DLL
0x00007ffd50630000 - 0x00007ffd50664000 	C:\WINDOWS\SYSTEM32\dbgcore.DLL
0x00007ffd51470000 - 0x00007ffd514f2000 	C:\WINDOWS\System32\bcryptPrimitives.dll
0x00007ffd4bac0000 - 0x00007ffd4bace000 	C:\Users\Root\.jdks\openjdk-20.0.1\bin\instrument.dll
0x00007ffd2cfb0000 - 0x00007ffd2cfd6000 	C:\Users\Root\.jdks\openjdk-20.0.1\bin\java.dll
0x00007ffd2c390000 - 0x00007ffd2c467000 	C:\Users\Root\.jdks\openjdk-20.0.1\bin\jsvml.dll
0x00007ffd52ad0000 - 0x00007ffd53214000 	C:\WINDOWS\System32\SHELL32.dll
0x00007ffd4e170000 - 0x00007ffd4e903000 	C:\WINDOWS\SYSTEM32\windows.storage.dll
0x00007ffd51a80000 - 0x00007ffd51dd4000 	C:\WINDOWS\System32\combase.dll
0x00007ffd50030000 - 0x00007ffd5005e000 	C:\WINDOWS\SYSTEM32\Wldp.dll
0x00007ffd53640000 - 0x00007ffd536ed000 	C:\WINDOWS\System32\SHCORE.dll
0x00007ffd51de0000 - 0x00007ffd51e35000 	C:\WINDOWS\System32\shlwapi.dll
0x00007ffd50d40000 - 0x00007ffd50d65000 	C:\WINDOWS\SYSTEM32\profapi.dll
0x00007ffd2f420000 - 0x00007ffd2f438000 	C:\Users\Root\.jdks\openjdk-20.0.1\bin\zip.dll
0x00007ffd2fd70000 - 0x00007ffd2fd83000 	C:\Users\Root\.jdks\openjdk-20.0.1\bin\net.dll
0x00007ffd49a50000 - 0x00007ffd49b5a000 	C:\WINDOWS\SYSTEM32\WINHTTP.dll
0x00007ffd4ff90000 - 0x00007ffd4fffa000 	C:\WINDOWS\system32\mswsock.dll
0x00007ffd2f530000 - 0x00007ffd2f546000 	C:\Users\Root\.jdks\openjdk-20.0.1\bin\nio.dll
0x00007ffd4baa0000 - 0x00007ffd4baba000 	C:\Program Files\JetBrains\IntelliJ IDEA 2022.3.1\bin\breakgen64.dll
0x00007ffd39da0000 - 0x00007ffd39da7000 	C:\Users\Root\.jdks\openjdk-20.0.1\bin\extnet.dll
0x00007ffd4fb40000 - 0x00007ffd4fc0a000 	C:\WINDOWS\SYSTEM32\DNSAPI.dll
0x00007ffd4fb00000 - 0x00007ffd4fb3b000 	C:\WINDOWS\SYSTEM32\IPHLPAPI.DLL
0x00007ffd51fe0000 - 0x00007ffd51fe8000 	C:\WINDOWS\System32\NSI.dll
0x00007ffd45d10000 - 0x00007ffd45d1a000 	C:\Windows\System32\rasadhlp.dll
0x00007ffd418c0000 - 0x00007ffd41942000 	C:\WINDOWS\System32\fwpuclnt.dll
0x00007ffd51310000 - 0x00007ffd51337000 	C:\WINDOWS\System32\bcrypt.dll
0x00007ffd44c30000 - 0x00007ffd44c3a000 	C:\Users\Root\.jdks\openjdk-20.0.1\bin\management.dll
0x00007ffd43870000 - 0x00007ffd4387b000 	C:\Users\Root\.jdks\openjdk-20.0.1\bin\management_ext.dll
0x00007ffd53630000 - 0x00007ffd53638000 	C:\WINDOWS\System32\PSAPI.DLL
0x00007ffd50ab0000 - 0x00007ffd50ac8000 	C:\WINDOWS\SYSTEM32\CRYPTSP.dll
0x00007ffd4f780000 - 0x00007ffd4f7b4000 	C:\WINDOWS\system32\rsaenh.dll
0x00007ffd50d00000 - 0x00007ffd50d2e000 	C:\WINDOWS\SYSTEM32\USERENV.dll
0x00007ffd50020000 - 0x00007ffd5002c000 	C:\WINDOWS\SYSTEM32\CRYPTBASE.dll
0x00007ffd474c0000 - 0x00007ffd474d7000 	C:\WINDOWS\SYSTEM32\dhcpcsvc6.DLL
0x00007ffd48520000 - 0x00007ffd4853d000 	C:\WINDOWS\SYSTEM32\dhcpcsvc.DLL
0x00007ffd4f280000 - 0x00007ffd4f297000 	C:\WINDOWS\system32\napinsp.dll
0x00007ffd4ba30000 - 0x00007ffd4ba4b000 	C:\WINDOWS\system32\pnrpnsp.dll
0x00007ffd49550000 - 0x00007ffd49565000 	C:\WINDOWS\system32\wshbth.dll
0x00007ffd4b9e0000 - 0x00007ffd4b9fd000 	C:\WINDOWS\system32\NLAapi.dll
0x00007ffcfda50000 - 0x00007ffcfda62000 	C:\WINDOWS\System32\winrnr.dll
0x00007ffd37950000 - 0x00007ffd37960000 	C:\Users\Root\.jdks\openjdk-20.0.1\bin\verify.dll
0x00007ffd43860000 - 0x00007ffd4386e000 	C:\Users\Root\.jdks\openjdk-20.0.1\bin\sunmscapi.dll
0x00007ffd511b0000 - 0x00007ffd5130e000 	C:\WINDOWS\System32\CRYPT32.dll
0x00007ffd500a0000 - 0x00007ffd500c8000 	C:\WINDOWS\SYSTEM32\ncrypt.dll
0x00007ffd50060000 - 0x00007ffd5009b000 	C:\WINDOWS\SYSTEM32\NTASN1.dll
0x00007ffd446b0000 - 0x00007ffd446b7000 	C:\WINDOWS\system32\wshunix.dll

dbghelp: loaded successfully - version: 4.0.5 - missing functions: none
symbol engine: initialized successfully - sym options: 0x614 - pdb path: .;C:\Users\Root\.jdks\openjdk-20.0.1\bin;C:\WINDOWS\SYSTEM32;C:\WINDOWS\WinSxS\amd64_microsoft.windows.common-controls_6595b64144ccf1df_6.0.19041.1110_none_60b5254171f9507e;C:\Users\Root\.jdks\openjdk-20.0.1\bin\server;C:\Program Files\JetBrains\IntelliJ IDEA 2022.3.1\bin

VM Arguments:
jvm_args: -XX:TieredStopAtLevel=1 -Dspring.output.ansi.enabled=always -Dcom.sun.management.jmxremote -Dspring.jmx.enabled=true -Dspring.liveBeansView.mbeanDomain -Dspring.application.admin.enabled=true -Dmanagement.endpoints.jmx.exposure.include=* -javaagent:C:\Program Files\JetBrains\IntelliJ IDEA 2022.3.1\lib\idea_rt.jar=62429:C:\Program Files\JetBrains\IntelliJ IDEA 2022.3.1\bin -Dfile.encoding=UTF-8 -Dsun.stdout.encoding=UTF-8 -Dsun.stderr.encoding=UTF-8 
java_command: com.pfe.myschool.StartApplication
java_class_path (initial): C:\Users\Root\OneDrive - Universite Abdelmalek Essaadi\Desktop\PLATEFORME WEB DE GESTION DES FORMATIONS CONTINUE\Back-end\target\classes;C:\Users\Root\.m2\repository\org\springframework\boot\spring-boot-starter-data-jpa\2.7.0\spring-boot-starter-data-jpa-2.7.0.jar;C:\Users\Root\.m2\repository\org\springframework\boot\spring-boot-starter-aop\2.7.0\spring-boot-starter-aop-2.7.0.jar;C:\Users\Root\.m2\repository\org\aspectj\aspectjweaver\1.9.7\aspectjweaver-1.9.7.jar;C:\Users\Root\.m2\repository\org\springframework\boot\spring-boot-starter-jdbc\2.7.0\spring-boot-starter-jdbc-2.7.0.jar;C:\Users\Root\.m2\repository\com\zaxxer\HikariCP\4.0.3\HikariCP-4.0.3.jar;C:\Users\Root\.m2\repository\org\springframework\spring-jdbc\5.3.20\spring-jdbc-5.3.20.jar;C:\Users\Root\.m2\repository\jakarta\transaction\jakarta.transaction-api\1.3.3\jakarta.transaction-api-1.3.3.jar;C:\Users\Root\.m2\repository\jakarta\persistence\jakarta.persistence-api\2.2.3\jakarta.persistence-api-2.2.3.jar;C:\Users\Root\.m2\repository\org\hibernate\hibernate-core\5.6.9.Final\hibernate-core-5.6.9.Final.jar;C:\Users\Root\.m2\repository\org\jboss\logging\jboss-logging\3.4.3.Final\jboss-logging-3.4.3.Final.jar;C:\Users\Root\.m2\repository\net\bytebuddy\byte-buddy\1.12.10\byte-buddy-1.12.10.jar;C:\Users\Root\.m2\repository\antlr\antlr\2.7.7\antlr-2.7.7.jar;C:\Users\Root\.m2\repository\org\jboss\jandex\2.4.2.Final\jandex-2.4.2.Final.jar;C:\Users\Root\.m2\repository\com\fasterxml\classmate\1.5.1\classmate-1.5.1.jar;C:\Users\Root\.m2\repository\org\hibernate\common\hibernate-commons-annotations\5.1.2.Final\hibernate-commons-annotations-5.1.2.Final.jar;C:\Users\Root\.m2\repository\org\glassfish\jaxb\jaxb-runtime\2.3.6\jaxb-runtime-2.3.6.jar;C:\Users\Root\.m2\repository\org\glassfish\jaxb\txw2\2.3.6\txw2-2.3.6.jar;C:\Users\Root\.m2\repository\com\sun\istack\istack-commons-runtime\3.0.12\istack-commons-runtime-3.0.12.jar;C:\Users\Root\.m2\repository\org\springframework\data\spring-data-jpa\2.7.0\spring-data-jpa-2.7.0.jar;C:\Users\Root\.m2\repository\org\springframework\data\spring-data-commons\2.7.0\spring-data-commons-2.7.0.jar;C:\Users\Root\.m2\repository\org\springframework\spring-orm\5.3.20\spring-orm-5.3.20.jar;C:\Users\Root\.m2\repository\org\springframework\spring-context\5.3.20\spring-context-5.3.20.jar;C:\Users\Root\.m2\repository\org\springframework\spring-tx\5.3.20\spring-tx-5.3.20.jar;C:\Users\Root\.m2\repository\org\springframework\spring-beans\5.3.20\spring-beans-5.3.20.jar;C:\Users\Root\.m2\repository\org\slf4j\slf4j-api\1.7.36\slf4j-api-1.7.36.jar;C:\Users\Root\.m2\repository\org\springframework\spring-aspects\5.3.20\spring-aspects-5.3.20.jar;C:\Users\Root\.m2\repository\org\springframework\boot\spring-boot-starter-web\2.7.0\spring-boot-starter-web-2.7.0.jar;C:\Users\Root\.m2\repository\org\springframework\boot\spring-boot-starter\2.7.0\spring-boot-starter-2.7.0.jar;C:\Users\Root\.m2\repository\org\springframework\boot\spring-boot-starter-logging\2.7.0\spring-boot-starter-logging-2.7.0.jar;C:\Users\Root\.m2\repository\ch\qos\logback\logback-classic\1.2.11\logback-classic-1.2.11.jar;C:\Users\Root\.m2\repository\ch\qos\logback\logback-core\1.2.11\logback-core-1.2.11.jar;C:\Users\Root\.m2\repository\org\apache\logging\log4j\log4j-to-slf4j\2.17.2\log4j-to-slf4j-2.17.2.jar;C:\Users\Root\.m2\repository\org\apache\logging\log4j\log4j-api\2.17.2\log4j-api-2.17.2.jar;C:\Users\Root\.m2\repository\org\slf4j\jul-to-slf4j\1.7.36\jul-to-slf4j-1.7.36.jar;C:\Users\Root\.m2\repository\jakarta\annotation\jakarta.annotation-api\1.3.5\jakarta.annotation-api-1.3.5.jar;C:\Users\Root\.m2\repository\org\yaml\snakeyaml\1.30\snakeyaml-1.30.jar;C:\Users\Root\.m2\repository\org\springframework\boot\spring-boot-starter-json\2.7.0\spring-boot-starter-json-2.7.0.jar;C:\Users\Root\.m2\repository\com\fasterxml\jackson\datatype\jackson-datatype-jdk8\2.13.3\jackson-datatype-jdk8-2.13.3.jar;C:\Users\Root\.m2\repository\com\fasterxml\jackson\datatype\jackson-datatype-jsr310\2.13.3\jackson-datatype-jsr310-2.13.3.jar;C:\Users\Root\.m2\repository\com\fasterxml\jackson\module\jackson-module-parameter-names\2.13.3\jackson-module-parameter-names-2.13.3.jar;C:\Users\Root\.m2\repository\org\springframework\boot\spring-boot-starter-tomcat\2.7.0\spring-boot-starter-tomcat-2.7.0.jar;C:\Users\Root\.m2\repository\org\apache\tomcat\embed\tomcat-embed-core\9.0.63\tomcat-embed-core-9.0.63.jar;C:\Users\Root\.m2\repository\org\apache\tomcat\embed\tomcat-embed-el\9.0.63\tomcat-embed-el-9.0.63.jar;C:\Users\Root\.m2\repository\org\apache\tomcat\embed\tomcat-embed-websocket\9.0.63\tomcat-embed-websocket-9.0.63.jar;C:\Users\Root\.m2\repository\org\springframework\spring-web\5.3.20\spring-web-5.3.20.jar;C:\Users\Root\.m2\repository\org\springframework\spring-webmvc\5.3.20\spring-webmvc-5.3.20.jar;C:\Users\Root\.m2\repository\org\springframework\spring-expression\5.3.20\spring-expression-5.3.20.jar;C:\Users\Root\.m2\repository\org\passay\passay\1.3.1\passay-1.3.1.jar;C:\Users\Root\.m2\repository\org\springframework\boot\spring-boot-devtools\2.7.0\spring-boot-devtools-2.7.0.jar;C:\Users\Root\.m2\repository\org\springframework\boot\spring-boot\2.7.0\spring-boot-2.7.0.jar;C:\Users\Root\.m2\repository\org\springframework\boot\spring-boot-autoconfigure\2.7.0\spring-boot-autoconfigure-2.7.0.jar;C:\Users\Root\.m2\repository\org\apache\poi\poi-ooxml\4.1.2\poi-ooxml-4.1.2.jar;C:\Users\Root\.m2\repository\org\apache\poi\poi\4.1.2\poi-4.1.2.jar;C:\Users\Root\.m2\repository\commons-codec\commons-codec\1.15\commons-codec-1.15.jar;C:\Users\Root\.m2\repository\org\apache\commons\commons-math3\3.6.1\commons-math3-3.6.1.jar;C:\Users\Root\.m2\repository\com\zaxxer\SparseBitSet\1.2\SparseBitSet-1.2.jar;C:\Users\Root\.m2\repository\org\apache\poi\poi-ooxml-schemas\4.1.2\poi-ooxml-schemas-4.1.2.jar;C:\Users\Root\.m2\repository\org\apache\xmlbeans\xmlbeans\3.1.0\xmlbeans-3.1.0.jar;C:\Users\Root\.m2\repository\org\apache\commons\commons-compress\1.19\commons-compress-1.19.jar;C:\Users\Root\.m2\repository\com\github\virtuald\curvesapi\1.06\curvesapi-1.06.jar;C:\Users\Root\.m2\repository\org\springframework\boot\spring-boot-starter-mail\2.7.0\spring-boot-starter-mail-2.7.0.jar;C:\Users\Root\.m2\repository\org\springframework\spring-context-support\5.3.20\spring-context-support-5.3.20.jar;C:\Users\Root\.m2\repository\com\sun\mail\jakarta.mail\1.6.7\jakarta.mail-1.6.7.jar;C:\Users\Root\.m2\repository\com\sun\activation\jakarta.activation\1.2.2\jakarta.activation-1.2.2.jar;C:\Users\Root\.m2\repository\commons-io\commons-io\2.4\commons-io-2.4.jar;C:\Users\Root\.m2\repository\org\postgresql\postgresql\42.3.5\postgresql-42.3.5.jar;C:\Users\Root\.m2\repository\org\checkerframework\checker-qual\3.5.0\checker-qual-3.5.0.jar;C:\Users\Root\.m2\repository\jakarta\xml\bind\jakarta.xml.bind-api\2.3.3\jakarta.xml.bind-api-2.3.3.jar;C:\Users\Root\.m2\repository\jakarta\activation\jakarta.activation-api\1.2.2\jakarta.activation-api-1.2.2.jar;C:\Users\Root\.m2\repository\org\springframework\spring-core\5.3.20\spring-core-5.3.20.jar;C:\Users\Root\.m2\repository\org\springframework\spring-jcl\5.3.20\spring-jcl-5.3.20.jar;C:\Users\Root\.m2\repository\net\sf\jasperreports\jasperreports\6.11.0\jasperreports-6.11.0.jar;C:\Users\Root\.m2\repository\commons-beanutils\commons-beanutils\1.9.4\commons-beanutils-1.9.4.jar;C:\Users\Root\.m2\repository\commons-collections\commons-collections\3.2.2\commons-collections-3.2.2.jar;C:\Users\Root\.m2\repository\commons-digester\commons-digester\2.1\commons-digester-2.1.jar;C:\Users\Root\.m2\repository\commons-logging\commons-logging\1.1.1\commons-logging-1.1.1.jar;C:\Users\Root\.m2\repository\org\apache\commons\commons-collections4\4.2\commons-collections4-4.2.jar;C:\Users\Root\.m2\repository\com\lowagie\itext\2.1.7.js7\itext-2.1.7.js7.jar;C:\Users\Root\.m2\repository\org\bouncycastle\bcprov-jdk15on\1.62\bcprov-jdk15on-1.62.jar;C:\Users\Root\.m2\repository\org\jfree\jcommon\1.0.23\jcommon-1.0.23.jar;C:\Users\Root\.m2\repository\org\jfree\jfreechart\1.0.19\jfreechart-1.0.19.jar;C:\Users\Root\.m2\repository\org\eclipse\jdt\core\compiler\ecj\4.4.2\ecj-4.4.2.jar;C:\Users\Root\.m2\repository\org\codehaus\castor\castor-xml\1.4.1\castor-xml-1.4.1.jar;C:\Users\Root\.m2\repository\org\codehaus\castor\castor-core\1.4.1\castor-core-1.4.1.jar;C:\Users\Root\.m2\repository\org\apache\commons\commons-lang3\3.12.0\commons-lang3-3.12.0.jar;C:\Users\Root\.m2\repository\javax\inject\javax.inject\1\javax.inject-1.jar;C:\Users\Root\.m2\repository\com\fasterxml\jackson\core\jackson-core\2.13.3\jackson-core-2.13.3.jar;C:\Users\Root\.m2\repository\com\fasterxml\jackson\core\jackson-databind\2.13.3\jackson-databind-2.13.3.jar;C:\Users\Root\.m2\repository\com\fasterxml\jackson\core\jackson-annotations\2.13.3\jackson-annotations-2.13.3.jar;C:\Users\Root\.m2\repository\org\projectlombok\lombok\1.18.24\lombok-1.18.24.jar;C:\Users\Root\.m2\repository\org\springdoc\springdoc-openapi-ui\1.6.13\springdoc-openapi-ui-1.6.13.jar;C:\Users\Root\.m2\repository\org\springdoc\springdoc-openapi-webmvc-core\1.6.13\springdoc-openapi-webmvc-core-1.6.13.jar;C:\Users\Root\.m2\repository\org\springdoc\springdoc-openapi-common\1.6.13\springdoc-openapi-common-1.6.13.jar;C:\Users\Root\.m2\repository\io\swagger\core\v3\swagger-core\2.2.7\swagger-core-2.2.7.jar;C:\Users\Root\.m2\repository\com\fasterxml\jackson\dataformat\jackson-dataformat-yaml\2.13.3\jackson-dataformat-yaml-2.13.3.jar;C:\Users\Root\.m2\repository\io\swagger\core\v3\swagger-annotations\2.2.7\swagger-annotations-2.2.7.jar;C:\Users\Root\.m2\repository\io\swagger\core\v3\swagger-models\2.2.7\swagger-models-2.2.7.jar;C:\Users\Root\.m2\repository\jakarta\validation\jakarta.validation-api\2.0.2\jakarta.validation-api-2.0.2.jar;C:\Users\Root\.m2\repository\org\webjars\swagger-ui\4.15.5\swagger-ui-4.15.5.jar;C:\Users\Root\.m2\repository\org\webjars\webjars-locator-core\0.50\webjars-locator-core-0.50.jar;C:\Users\Root\.m2\repository\io\github\classgraph\classgraph\4.8.149\classgraph-4.8.149.jar;C:\Users\Root\.m2\repository\javax\validation\validation-api\2.0.1.Final\validation-api-2.0.1.Final.jar;C:\Users\Root\.m2\repository\org\springframework\boot\spring-boot-starter-security\2.7.0\spring-boot-starter-security-2.7.0.jar;C:\Users\Root\.m2\repository\org\springframework\spring-aop\5.3.20\spring-aop-5.3.20.jar;C:\Users\Root\.m2\repository\org\springframework\security\spring-security-config\5.7.1\spring-security-config-5.7.1.jar;C:\Users\Root\.m2\repository\org\springframework\security\spring-security-core\5.7.1\spring-security-core-5.7.1.jar;C:\Users\Root\.m2\repository\org\springframework\security\spring-security-crypto\5.7.1\spring-security-crypto-5.7.1.jar;C:\Users\Root\.m2\repository\org\springframework\security\spring-security-web\5.7.1\spring-security-web-5.7.1.jar;C:\Users\Root\.m2\repository\org\keycloak\keycloak-spring-boot-starter\19.0.1\keycloak-spring-boot-starter-19.0.1.jar;C:\Users\Root\.m2\repository\org\keycloak\keycloak-spring-boot-2-adapter\19.0.1\keycloak-spring-boot-2-adapter-19.0.1.jar;C:\Users\Root\.m2\repository\org\keycloak\keycloak-spring-boot-adapter-core\19.0.1\keycloak-spring-boot-adapter-core-19.0.1.jar;C:\Users\Root\.m2\repository\org\keycloak\keycloak-core\19.0.1\keycloak-core-19.0.1.jar;C:\Users\Root\.m2\repository\org\keycloak\keycloak-common\19.0.1\keycloak-common-19.0.1.jar;C:\Users\Root\.m2\repository\org\keycloak\keycloak-authz-client\19.0.1\keycloak-authz-client-19.0.1.jar;C:\Users\Root\.m2\repository\org\apache\httpcomponents\httpclient\4.5.13\httpclient-4.5.13.jar;C:\Users\Root\.m2\repository\org\apache\httpcomponents\httpcore\4.4.15\httpcore-4.4.15.jar;C:\Users\Root\.m2\repository\org\keycloak\spring-boot-container-bundle\19.0.1\spring-boot-container-bundle-19.0.1.jar;C:\Users\Root\.m2\repository\org\keycloak\keycloak-adapter-core\19.0.1\keycloak-adapter-core-19.0.1.jar;C:\Users\Root\.m2\repository\org\keycloak\keycloak-crypto-default\19.0.1\keycloak-crypto-default-19.0.1.jar;C:\Users\Root\.m2\repository\org\bouncycastle\bcpkix-jdk15on\1.68\bcpkix-jdk15on-1.68.jar;C:\Users\Root\.m2\repository\org\keycloak\keycloak-spring-security-adapter\19.0.1\keycloak-spring-security-adapter-19.0.1.jar;C:\Users\Root\.m2\repository\org\keycloak\keycloak-adapter-spi\19.0.1\keycloak-adapter-spi-19.0.1.jar
Launcher Type: SUN_STANDARD

[Global flags]
     intx CICompilerCount                          = 3                                         {product} {ergonomic}
     uint ConcGCThreads                            = 1                                         {product} {ergonomic}
     uint G1ConcRefinementThreads                  = 4                                         {product} {ergonomic}
   size_t G1HeapRegionSize                         = 1048576                                   {product} {ergonomic}
    uintx GCDrainStackTargetSize                   = 64                                        {product} {ergonomic}
   size_t InitialHeapSize                          = 134217728                                 {product} {ergonomic}
     bool ManagementServer                         = true                                      {product} {command line}
   size_t MarkStackSize                            = 4194304                                   {product} {ergonomic}
   size_t MaxHeapSize                              = 2122317824                                {product} {ergonomic}
   size_t MaxNewSize                               = 1272971264                                {product} {ergonomic}
   size_t MinHeapDeltaBytes                        = 1048576                                   {product} {ergonomic}
   size_t MinHeapSize                              = 8388608                                   {product} {ergonomic}
    uintx NonProfiledCodeHeapSize                  = 0                                      {pd product} {ergonomic}
     bool ProfileInterpreter                       = false                                  {pd product} {command line}
    uintx ProfiledCodeHeapSize                     = 0                                      {pd product} {ergonomic}
   size_t SoftMaxHeapSize                          = 2122317824                             {manageable} {ergonomic}
     intx TieredStopAtLevel                        = 1                                         {product} {command line}
     bool UseCompressedClassPointers               = true                           {product lp64_product} {ergonomic}
     bool UseCompressedOops                        = true                           {product lp64_product} {ergonomic}
     bool UseG1GC                                  = true                                      {product} {ergonomic}
     bool UseLargePagesIndividualAllocation        = false                                  {pd product} {ergonomic}

Logging:
Log output configuration:
 #0: stdout all=warning uptime,level,tags foldmultilines=false
 #1: stderr all=off uptime,level,tags foldmultilines=false

Environment Variables:
PATH=C:\ProgramData\Oracle\Java\javapath;C:\WINDOWS\system32;C:\WINDOWS;C:\WINDOWS\System32\Wbem;C:\WINDOWS\System32\WindowsPowerShell\v1.0\;C:\WINDOWS\System32\OpenSSH\;C:\Program Files\Git\cmd;C:\Program Files\PuTTY\;C:\xampp\php;C:\Program Files\dotnet\;;C:\Program Files\Docker\Docker\resources\bin;C:\Program Files\nodejs\;C:\Users\Root\scoop\shims;C:\Program Files\Java\jdk1.8.0_111\bin;C:\Users\Root\AppData\Local\Programs\Microsoft VS Code\bin;C:\Program Files\JetBrains\IntelliJ IDEA 2022.3.1\bin;;C:\Program Files\JetBrains\PhpStorm 2022.3.2\bin;;C:\Users\Root\composer;C:\Users\Root\AppData\Roaming\Composer\vendor\bin;C:\Users\PK\AppData\Roaming\npm\node_modules\@angular\cli\bin;C:\Users\PK\AppData\Roaming\npm\;C:\Users\Root\AppData\Roaming\npm
USERNAME=Root
OS=Windows_NT
PROCESSOR_IDENTIFIER=Intel64 Family 6 Model 42 Stepping 7, GenuineIntel
TMP=C:\Users\Root\AppData\Local\Temp
TEMP=C:\Users\Root\AppData\Local\Temp




---------------  S Y S T E M  ---------------

OS:
 Windows 10 , 64 bit Build 19041 (10.0.19041.3155)
OS uptime: 2 days 13:25 hours
Hyper-V role detected

CPU: total 4 (initial active 4) (2 cores per cpu, 2 threads per core) family 6 model 42 stepping 7 microcode 0x2f, cx8, cmov, fxsr, ht, mmx, sse, sse2, sse3, ssse3, sse4.1, sse4.2, popcnt, tsc, tscinvbit, avx, aes, clmul, vzeroupper, clflush, hv, rdtscp

Memory: 4k page, system-wide physical 8089M (674M free)
TotalPageFile size 19980M (AvailPageFile size 3220M)
current process WorkingSet (physical memory assigned to process): 222M, peak: 388M
current process commit charge ("private bytes"): 426M, peak: 426M

vm_info: OpenJDK 64-Bit Server VM (20.0.1+9-29) for windows-amd64 JRE (20.0.1+9-29), built on 2023-03-07T13:56:11Z by "mach5one" with MS VC++ 17.1 (VS2022)

END.
